{"contracts/lbp/LBPManager.sol":{"l":{"65":0,"66":0,"74":0,"76":0,"77":0,"119":0,"120":0,"122":0,"124":0,"125":0,"134":0,"138":0,"143":0,"144":0,"145":0,"146":0,"147":0,"148":0,"149":0,"150":0,"151":0,"152":0,"155":0,"156":0,"157":0,"158":0,"160":0,"161":0,"163":0,"164":0,"166":0,"167":0,"169":0,"170":0,"171":0,"172":0,"173":0,"183":0,"184":0,"185":0,"187":0,"199":0,"205":0,"207":0,"209":0,"210":0,"215":0,"222":0,"223":0,"224":0,"227":0,"234":0,"242":0,"243":0,"248":0,"250":0,"252":0,"254":0,"261":0,"285":0,"287":0,"289":0,"291":0,"296":0,"297":0,"305":0,"312":0,"313":0,"324":0,"332":0,"333":0,"340":0},"path":"/home/decadanse/DS/launch-contracts/contracts/lbp/LBPManager.sol","s":{"1":0,"2":0,"3":0,"4":0,"5":0,"6":0,"7":0,"8":0,"9":0,"10":0,"11":0,"12":0,"13":0,"14":0,"15":0,"16":0,"17":0,"18":0,"19":0,"20":0,"21":0,"22":0,"23":0,"24":0,"25":0,"26":0,"27":0,"28":0,"29":0,"30":0,"31":0,"32":0,"33":0,"34":0,"35":0,"36":0,"37":0,"38":0,"39":0,"40":0,"41":0,"42":0,"43":0,"44":0,"45":0,"46":0,"47":0,"48":0,"49":0,"50":0,"51":0,"52":0,"53":0,"54":0,"55":0,"56":0,"57":0,"58":0,"59":0,"60":0,"61":0,"62":0,"63":0,"64":0,"65":0,"66":0,"67":0,"68":0,"69":0,"70":0,"71":0},"b":{"1":[0,0],"2":[0,0],"3":[0,0],"4":[0,0],"5":[0,0],"6":[0,0],"7":[0,0],"8":[0,0],"9":[0,0],"10":[0,0],"11":[0,0],"12":[0,0],"13":[0,0],"14":[0,0],"15":[0,0],"16":[0,0],"17":[0,0],"18":[0,0],"19":[0,0],"20":[0,0]},"f":{"1":0,"2":0,"3":0,"4":0,"5":0,"6":0,"7":0,"8":0,"9":0,"10":0,"11":0},"fnMap":{"1":{"name":"onlyAdmin","line":64,"loc":{"start":{"line":64,"column":4},"end":{"line":67,"column":4}}},"2":{"name":"transferAdminRights","line":73,"loc":{"start":{"line":73,"column":4},"end":{"line":78,"column":4}}},"3":{"name":"initializeLBPManager","line":106,"loc":{"start":{"line":106,"column":4},"end":{"line":175,"column":4}}},"4":{"name":"initializeLBP","line":181,"loc":{"start":{"line":181,"column":4},"end":{"line":235,"column":4}}},"5":{"name":"removeLiquidity","line":241,"loc":{"start":{"line":241,"column":4},"end":{"line":267,"column":4}}},"6":{"name":"withdrawPoolTokens","line":284,"loc":{"start":{"line":284,"column":4},"end":{"line":298,"column":4}}},"7":{"name":"setSwapEnabled","line":304,"loc":{"start":{"line":304,"column":4},"end":{"line":306,"column":4}}},"8":{"name":"getSwapEnabled","line":311,"loc":{"start":{"line":311,"column":4},"end":{"line":314,"column":4}}},"9":{"name":"projectTokensRequired","line":319,"loc":{"start":{"line":319,"column":4},"end":{"line":325,"column":4}}},"10":{"name":"updateMetadata","line":331,"loc":{"start":{"line":331,"column":4},"end":{"line":334,"column":4}}},"11":{"name":"_feeAmountRequired","line":339,"loc":{"start":{"line":339,"column":4},"end":{"line":343,"column":4}}}},"statementMap":{"1":{"start":{"line":65,"column":8},"end":{"line":65,"column":70}},"2":{"start":{"line":74,"column":8},"end":{"line":74,"column":72}},"3":{"start":{"line":76,"column":8},"end":{"line":76,"column":53}},"4":{"start":{"line":77,"column":8},"end":{"line":77,"column":24}},"5":{"start":{"line":119,"column":8},"end":{"line":119,"column":63}},"6":{"start":{"line":120,"column":8},"end":{"line":120,"column":78}},"7":{"start":{"line":122,"column":8},"end":{"line":122,"column":72}},"8":{"start":{"line":124,"column":8},"end":{"line":124,"column":73}},"9":{"start":{"line":125,"column":8},"end":{"line":125,"column":6439}},"10":{"start":{"line":134,"column":8},"end":{"line":134,"column":6761}},"11":{"start":{"line":138,"column":8},"end":{"line":138,"column":6880}},"12":{"start":{"line":143,"column":8},"end":{"line":143,"column":25}},"13":{"start":{"line":144,"column":8},"end":{"line":144,"column":25}},"14":{"start":{"line":145,"column":8},"end":{"line":145,"column":35}},"15":{"start":{"line":146,"column":8},"end":{"line":146,"column":31}},"16":{"start":{"line":147,"column":8},"end":{"line":147,"column":33}},"17":{"start":{"line":148,"column":8},"end":{"line":148,"column":27}},"18":{"start":{"line":149,"column":8},"end":{"line":149,"column":43}},"19":{"start":{"line":150,"column":8},"end":{"line":150,"column":19}},"20":{"start":{"line":151,"column":8},"end":{"line":151,"column":23}},"21":{"start":{"line":152,"column":8},"end":{"line":152,"column":31}},"22":{"start":{"line":155,"column":8},"end":{"line":155,"column":7429}},"23":{"start":{"line":156,"column":12},"end":{"line":156,"column":32}},"24":{"start":{"line":157,"column":12},"end":{"line":157,"column":40}},"25":{"start":{"line":158,"column":12},"end":{"line":158,"column":40}},"26":{"start":{"line":160,"column":12},"end":{"line":160,"column":36}},"27":{"start":{"line":161,"column":12},"end":{"line":161,"column":36}},"28":{"start":{"line":163,"column":12},"end":{"line":163,"column":46}},"29":{"start":{"line":164,"column":12},"end":{"line":164,"column":46}},"30":{"start":{"line":166,"column":12},"end":{"line":166,"column":42}},"31":{"start":{"line":167,"column":12},"end":{"line":167,"column":42}},"32":{"start":{"line":169,"column":12},"end":{"line":169,"column":32}},"33":{"start":{"line":170,"column":12},"end":{"line":170,"column":33}},"34":{"start":{"line":171,"column":12},"end":{"line":171,"column":29}},"35":{"start":{"line":172,"column":12},"end":{"line":172,"column":39}},"36":{"start":{"line":173,"column":12},"end":{"line":173,"column":35}},"37":{"start":{"line":183,"column":8},"end":{"line":183,"column":77}},"38":{"start":{"line":184,"column":8},"end":{"line":184,"column":62}},"39":{"start":{"line":185,"column":8},"end":{"line":185,"column":24}},"40":{"start":{"line":187,"column":8},"end":{"line":187,"column":8580}},"41":{"start":{"line":199,"column":8},"end":{"line":199,"column":8910}},"42":{"start":{"line":205,"column":8},"end":{"line":205,"column":37}},"43":{"start":{"line":207,"column":8},"end":{"line":207,"column":9087}},"44":{"start":{"line":209,"column":12},"end":{"line":209,"column":60}},"45":{"start":{"line":210,"column":12},"end":{"line":210,"column":9235}},"46":{"start":{"line":215,"column":12},"end":{"line":215,"column":9394}},"47":{"start":{"line":222,"column":8},"end":{"line":222,"column":9562}},"48":{"start":{"line":223,"column":12},"end":{"line":223,"column":72}},"49":{"start":{"line":224,"column":12},"end":{"line":224,"column":59}},"50":{"start":{"line":227,"column":8},"end":{"line":227,"column":9763}},"51":{"start":{"line":234,"column":8},"end":{"line":234,"column":77}},"52":{"start":{"line":242,"column":8},"end":{"line":242,"column":71}},"53":{"start":{"line":243,"column":8},"end":{"line":243,"column":10568}},"54":{"start":{"line":248,"column":8},"end":{"line":248,"column":45}},"55":{"start":{"line":250,"column":8},"end":{"line":250,"column":77}},"56":{"start":{"line":252,"column":8},"end":{"line":252,"column":37}},"57":{"start":{"line":254,"column":8},"end":{"line":254,"column":10914}},"58":{"start":{"line":261,"column":8},"end":{"line":261,"column":11255}},"59":{"start":{"line":285,"column":8},"end":{"line":285,"column":71}},"60":{"start":{"line":287,"column":8},"end":{"line":287,"column":45}},"61":{"start":{"line":289,"column":8},"end":{"line":289,"column":77}},"62":{"start":{"line":291,"column":8},"end":{"line":291,"column":12721}},"63":{"start":{"line":296,"column":8},"end":{"line":296,"column":76}},"64":{"start":{"line":297,"column":8},"end":{"line":297,"column":60}},"65":{"start":{"line":305,"column":8},"end":{"line":305,"column":39}},"66":{"start":{"line":312,"column":8},"end":{"line":312,"column":62}},"67":{"start":{"line":313,"column":8},"end":{"line":313,"column":35}},"68":{"start":{"line":324,"column":8},"end":{"line":324,"column":78}},"69":{"start":{"line":332,"column":8},"end":{"line":332,"column":27}},"70":{"start":{"line":333,"column":8},"end":{"line":333,"column":39}},"71":{"start":{"line":340,"column":8},"end":{"line":340,"column":14369}}},"branchMap":{"1":{"line":65,"type":"if","locations":[{"start":{"line":65,"column":8},"end":{"line":65,"column":8}},{"start":{"line":65,"column":8},"end":{"line":65,"column":8}}]},"2":{"line":74,"type":"if","locations":[{"start":{"line":74,"column":8},"end":{"line":74,"column":8}},{"start":{"line":74,"column":8},"end":{"line":74,"column":8}}]},"3":{"line":119,"type":"if","locations":[{"start":{"line":119,"column":8},"end":{"line":119,"column":8}},{"start":{"line":119,"column":8},"end":{"line":119,"column":8}}]},"4":{"line":120,"type":"if","locations":[{"start":{"line":120,"column":8},"end":{"line":120,"column":8}},{"start":{"line":120,"column":8},"end":{"line":120,"column":8}}]},"5":{"line":122,"type":"if","locations":[{"start":{"line":122,"column":8},"end":{"line":122,"column":8}},{"start":{"line":122,"column":8},"end":{"line":122,"column":8}}]},"6":{"line":124,"type":"if","locations":[{"start":{"line":124,"column":8},"end":{"line":124,"column":8}},{"start":{"line":124,"column":8},"end":{"line":124,"column":8}}]},"7":{"line":125,"type":"if","locations":[{"start":{"line":125,"column":8},"end":{"line":125,"column":8}},{"start":{"line":125,"column":8},"end":{"line":125,"column":8}}]},"8":{"line":134,"type":"if","locations":[{"start":{"line":134,"column":8},"end":{"line":134,"column":8}},{"start":{"line":134,"column":8},"end":{"line":134,"column":8}}]},"9":{"line":138,"type":"if","locations":[{"start":{"line":138,"column":8},"end":{"line":138,"column":8}},{"start":{"line":138,"column":8},"end":{"line":138,"column":8}}]},"10":{"line":155,"type":"if","locations":[{"start":{"line":155,"column":8},"end":{"line":155,"column":8}},{"start":{"line":155,"column":8},"end":{"line":155,"column":8}}]},"11":{"line":183,"type":"if","locations":[{"start":{"line":183,"column":8},"end":{"line":183,"column":8}},{"start":{"line":183,"column":8},"end":{"line":183,"column":8}}]},"12":{"line":184,"type":"if","locations":[{"start":{"line":184,"column":8},"end":{"line":184,"column":8}},{"start":{"line":184,"column":8},"end":{"line":184,"column":8}}]},"13":{"line":207,"type":"if","locations":[{"start":{"line":207,"column":8},"end":{"line":207,"column":8}},{"start":{"line":207,"column":8},"end":{"line":207,"column":8}}]},"14":{"line":242,"type":"if","locations":[{"start":{"line":242,"column":8},"end":{"line":242,"column":8}},{"start":{"line":242,"column":8},"end":{"line":242,"column":8}}]},"15":{"line":243,"type":"if","locations":[{"start":{"line":243,"column":8},"end":{"line":243,"column":8}},{"start":{"line":243,"column":8},"end":{"line":243,"column":8}}]},"16":{"line":250,"type":"if","locations":[{"start":{"line":250,"column":8},"end":{"line":250,"column":8}},{"start":{"line":250,"column":8},"end":{"line":250,"column":8}}]},"17":{"line":285,"type":"if","locations":[{"start":{"line":285,"column":8},"end":{"line":285,"column":8}},{"start":{"line":285,"column":8},"end":{"line":285,"column":8}}]},"18":{"line":289,"type":"if","locations":[{"start":{"line":289,"column":8},"end":{"line":289,"column":8}},{"start":{"line":289,"column":8},"end":{"line":289,"column":8}}]},"19":{"line":291,"type":"if","locations":[{"start":{"line":291,"column":8},"end":{"line":291,"column":8}},{"start":{"line":291,"column":8},"end":{"line":291,"column":8}}]},"20":{"line":312,"type":"if","locations":[{"start":{"line":312,"column":8},"end":{"line":312,"column":8}},{"start":{"line":312,"column":8},"end":{"line":312,"column":8}}]}}},"contracts/lbp/LBPManagerFactory.sol":{"l":{"50":0,"51":0,"55":0,"57":0,"61":0,"73":0,"74":0,"86":0,"87":0,"130":0,"135":0,"137":0,"151":0,"153":0},"path":"/home/decadanse/DS/launch-contracts/contracts/lbp/LBPManagerFactory.sol","s":{"1":0,"2":0,"3":0,"4":0,"5":0,"6":0,"7":0,"8":0,"9":0,"10":0,"11":0,"12":0,"13":0},"b":{"1":[0,0],"2":[0,0],"3":[0,0],"4":[0,0]},"f":{"1":0,"2":0,"3":0,"4":0,"5":0},"fnMap":{"1":{"name":"constructor","line":49,"loc":{"start":{"line":49,"column":4},"end":{"line":52,"column":4}}},"2":{"name":"validAddress","line":54,"loc":{"start":{"line":54,"column":4},"end":{"line":62,"column":4}}},"3":{"name":"setMasterCopy","line":71,"loc":{"start":{"line":68,"column":4},"end":{"line":75,"column":4}}},"4":{"name":"setLBPFactory","line":84,"loc":{"start":{"line":81,"column":4},"end":{"line":88,"column":4}}},"5":{"name":"deployLBPManager","line":128,"loc":{"start":{"line":116,"column":4},"end":{"line":154,"column":4}}}},"statementMap":{"1":{"start":{"line":50,"column":8},"end":{"line":50,"column":76}},"2":{"start":{"line":51,"column":8},"end":{"line":51,"column":31}},"3":{"start":{"line":55,"column":8},"end":{"line":55,"column":76}},"4":{"start":{"line":57,"column":8},"end":{"line":57,"column":1796}},"5":{"start":{"line":73,"column":8},"end":{"line":73,"column":55}},"6":{"start":{"line":74,"column":8},"end":{"line":74,"column":31}},"7":{"start":{"line":86,"column":8},"end":{"line":86,"column":55}},"8":{"start":{"line":87,"column":8},"end":{"line":87,"column":31}},"9":{"start":{"line":130,"column":8},"end":{"line":130,"column":5479}},"10":{"start":{"line":135,"column":8},"end":{"line":135,"column":52}},"11":{"start":{"line":137,"column":8},"end":{"line":137,"column":5658}},"12":{"start":{"line":151,"column":8},"end":{"line":151,"column":57}},"13":{"start":{"line":153,"column":8},"end":{"line":153,"column":62}}},"branchMap":{"1":{"line":50,"type":"if","locations":[{"start":{"line":50,"column":8},"end":{"line":50,"column":8}},{"start":{"line":50,"column":8},"end":{"line":50,"column":8}}]},"2":{"line":55,"type":"if","locations":[{"start":{"line":55,"column":8},"end":{"line":55,"column":8}},{"start":{"line":55,"column":8},"end":{"line":55,"column":8}}]},"3":{"line":57,"type":"if","locations":[{"start":{"line":57,"column":8},"end":{"line":57,"column":8}},{"start":{"line":57,"column":8},"end":{"line":57,"column":8}}]},"4":{"line":130,"type":"if","locations":[{"start":{"line":130,"column":8},"end":{"line":130,"column":8}},{"start":{"line":130,"column":8},"end":{"line":130,"column":8}}]}}},"contracts/seed/Seed.sol":{"l":{"104":117,"105":110,"109":44,"110":43,"111":41,"146":40,"147":38,"150":38,"154":37,"158":36,"162":35,"166":34,"171":33,"172":33,"173":33,"174":33,"175":33,"176":33,"177":33,"178":33,"179":33,"180":33,"181":33,"182":33,"183":33,"184":33,"186":33,"188":33,"191":33,"193":33,"203":33,"204":33,"224":40,"228":39,"232":38,"233":38,"254":10,"255":9,"256":8,"259":7,"282":8,"283":7,"286":6,"291":5,"295":4,"300":3,"302":3,"303":3,"304":3,"305":3,"306":3,"307":3,"308":3,"309":3,"329":5,"330":4,"336":3,"337":4,"341":3,"346":2,"347":2,"369":39,"374":38,"377":38,"383":37,"386":34,"389":31,"394":28,"395":22,"400":21,"404":27,"410":27,"414":27,"419":26,"424":25,"425":25,"427":25,"428":25,"429":25,"430":25,"433":25,"434":0,"436":0,"437":0,"439":25,"444":25,"445":25,"446":25,"448":25,"449":17,"454":25,"455":6,"456":6,"460":25,"461":23,"463":25,"466":25,"475":24,"479":24,"491":28,"492":25,"493":25,"494":25,"497":25,"503":24,"507":19,"509":19,"510":19,"513":15,"517":14,"518":14,"520":14,"522":14,"523":14,"525":14,"531":13,"538":13,"545":9,"549":8,"550":7,"551":7,"552":7,"553":6,"554":6,"555":6,"556":6,"557":6,"558":6,"562":5,"564":5,"573":2,"580":4,"581":3,"583":2,"593":12,"594":11,"595":11,"608":7,"612":5,"613":2,"622":3,"624":3,"626":3,"639":8,"640":7,"641":6,"643":4,"644":4,"653":4,"654":3,"655":2,"656":2,"657":3,"658":2,"659":2,"668":3,"669":2,"671":1,"682":7,"686":3,"687":3,"688":3,"696":8,"700":7,"701":7,"710":29,"711":29,"712":29,"717":29,"718":1,"722":28,"726":28,"727":4,"730":24,"734":24,"735":10,"742":14,"745":14,"754":3,"766":1,"767":1,"768":1,"770":1,"778":14,"779":14,"780":14,"782":14,"798":50,"818":16,"819":16,"820":16,"821":16,"822":16,"823":16,"824":16,"825":16,"826":16},"path":"/home/decadanse/DS/launch-contracts/contracts/seed/Seed.sol","s":{"1":117,"2":44,"3":43,"4":40,"5":38,"6":38,"7":37,"8":36,"9":35,"10":34,"11":33,"12":33,"13":33,"14":33,"15":33,"16":33,"17":33,"18":33,"19":33,"20":33,"21":33,"22":33,"23":33,"24":33,"25":33,"26":33,"27":33,"28":33,"29":33,"30":33,"31":40,"32":39,"33":38,"34":38,"35":10,"36":9,"37":8,"38":7,"39":8,"40":7,"41":6,"42":5,"43":4,"44":3,"45":3,"46":3,"47":3,"48":3,"49":3,"50":3,"51":3,"52":3,"53":5,"54":4,"55":3,"56":4,"57":3,"58":2,"59":2,"60":39,"61":38,"62":38,"63":37,"64":34,"65":31,"66":28,"67":22,"68":21,"69":27,"70":27,"71":27,"72":26,"73":25,"74":25,"75":25,"76":25,"77":25,"78":25,"79":25,"80":0,"81":25,"82":0,"83":0,"84":25,"85":25,"86":25,"87":25,"88":25,"89":17,"90":25,"91":6,"92":6,"93":25,"94":25,"95":25,"96":24,"97":24,"98":28,"99":25,"100":25,"101":25,"102":25,"103":24,"104":19,"105":19,"106":19,"107":15,"108":14,"109":14,"110":14,"111":14,"112":14,"113":14,"114":13,"115":13,"116":9,"117":8,"118":7,"119":7,"120":7,"121":6,"122":6,"123":6,"124":6,"125":6,"126":5,"127":5,"128":2,"129":4,"130":3,"131":2,"132":12,"133":11,"134":11,"135":7,"136":5,"137":2,"138":3,"139":3,"140":3,"141":8,"142":7,"143":6,"144":4,"145":4,"146":4,"147":3,"148":2,"149":2,"150":3,"151":2,"152":2,"153":3,"154":2,"155":1,"156":7,"157":3,"158":3,"159":3,"160":8,"161":7,"162":7,"163":29,"164":29,"165":29,"166":29,"167":1,"168":28,"169":28,"170":4,"171":24,"172":24,"173":10,"174":14,"175":14,"176":3,"177":1,"178":1,"179":1,"180":1,"181":14,"182":14,"183":14,"184":14,"185":50,"186":16,"187":16,"188":16,"189":16,"190":16,"191":16,"192":16,"193":16,"194":16},"b":{"1":[110,7],"2":[43,1],"3":[41,2],"4":[38,2],"5":[37,1],"6":[36,1],"7":[35,1],"8":[34,1],"9":[33,1],"10":[39,1],"11":[38,1],"12":[9,1],"13":[8,1],"14":[7,1],"15":[7,1],"16":[6,1],"17":[5,1],"18":[4,1],"19":[3,1],"20":[4,1],"21":[3,1],"22":[3,1],"23":[2,1],"24":[38,1],"25":[37,1],"26":[34,3],"27":[31,3],"28":[28,3],"29":[22,6],"30":[21,1],"31":[26,1],"32":[25,1],"33":[0,25],"34":[0,25],"35":[17,8],"36":[6,19],"37":[23,2],"38":[24,1],"39":[25,3],"40":[24,1],"41":[19,5],"42":[15,4],"43":[14,1],"44":[13,1],"45":[8,1],"46":[7,1],"47":[6,1],"48":[5,1],"49":[3,1],"50":[2,1],"51":[11,1],"52":[5,2],"53":[2,3],"54":[1,1],"55":[2,1],"56":[7,1],"57":[6,1],"58":[4,2],"59":[3,1],"60":[2,1],"61":[2,1],"62":[2,1],"63":[1,1],"64":[3,4],"65":[7,1],"66":[1,28],"67":[4,24],"68":[10,14]},"f":{"1":117,"2":44,"3":40,"4":40,"5":10,"6":8,"7":5,"8":39,"9":28,"10":9,"11":2,"12":4,"13":12,"14":7,"15":8,"16":4,"17":3,"18":7,"19":8,"20":29,"21":3,"22":1,"23":14,"24":50,"25":16},"fnMap":{"1":{"name":"onlyAdmin","line":103,"loc":{"start":{"line":103,"column":4},"end":{"line":106,"column":4}}},"2":{"name":"isActive","line":108,"loc":{"start":{"line":108,"column":4},"end":{"line":112,"column":4}}},"3":{"name":"initialize","line":133,"loc":{"start":{"line":133,"column":4},"end":{"line":205,"column":4}}},"4":{"name":"addClass","line":223,"loc":{"start":{"line":216,"column":4},"end":{"line":243,"column":4}}},"5":{"name":"setClass","line":253,"loc":{"start":{"line":250,"column":4},"end":{"line":261,"column":4}}},"6":{"name":"changeClass","line":281,"loc":{"start":{"line":273,"column":4},"end":{"line":310,"column":4}}},"7":{"name":"addClassBatch","line":328,"loc":{"start":{"line":321,"column":4},"end":{"line":358,"column":4}}},"8":{"name":"buy","line":366,"loc":{"start":{"line":364,"column":4},"end":{"line":480,"column":4}}},"9":{"name":"claim","line":487,"loc":{"start":{"line":487,"column":4},"end":{"line":539,"column":4}}},"10":{"name":"retrieveFundingTokens","line":544,"loc":{"start":{"line":544,"column":4},"end":{"line":565,"column":4}}},"11":{"name":"pause","line":572,"loc":{"start":{"line":572,"column":4},"end":{"line":574,"column":4}}},"12":{"name":"unpause","line":579,"loc":{"start":{"line":579,"column":4},"end":{"line":584,"column":4}}},"13":{"name":"close","line":591,"loc":{"start":{"line":591,"column":4},"end":{"line":596,"column":4}}},"14":{"name":"retrieveSeedTokens","line":602,"loc":{"start":{"line":602,"column":4},"end":{"line":631,"column":4}}},"15":{"name":"whitelist","line":638,"loc":{"start":{"line":638,"column":4},"end":{"line":645,"column":4}}},"16":{"name":"whitelistBatch","line":652,"loc":{"start":{"line":652,"column":4},"end":{"line":661,"column":4}}},"17":{"name":"unwhitelist","line":667,"loc":{"start":{"line":667,"column":4},"end":{"line":672,"column":4}}},"18":{"name":"withdraw","line":677,"loc":{"start":{"line":677,"column":4},"end":{"line":689,"column":4}}},"19":{"name":"updateMetadata","line":695,"loc":{"start":{"line":695,"column":4},"end":{"line":702,"column":4}}},"20":{"name":"calculateClaim","line":709,"loc":{"start":{"line":709,"column":4},"end":{"line":747,"column":4}}},"21":{"name":"allFeeClaimed","line":752,"loc":{"start":{"line":752,"column":4},"end":{"line":755,"column":4}}},"22":{"name":"feeClaimedForFunder","line":761,"loc":{"start":{"line":761,"column":4},"end":{"line":771,"column":4}}},"23":{"name":"feeForFunder","line":777,"loc":{"start":{"line":777,"column":4},"end":{"line":783,"column":4}}},"24":{"name":"seedAmountForFunder","line":789,"loc":{"start":{"line":789,"column":4},"end":{"line":799,"column":4}}},"25":{"name":"getClass","line":805,"loc":{"start":{"line":805,"column":4},"end":{"line":827,"column":4}}}},"statementMap":{"1":{"start":{"line":104,"column":8},"end":{"line":104,"column":67}},"2":{"start":{"line":109,"column":8},"end":{"line":109,"column":53}},"3":{"start":{"line":110,"column":8},"end":{"line":110,"column":53}},"4":{"start":{"line":146,"column":8},"end":{"line":146,"column":66}},"5":{"start":{"line":147,"column":8},"end":{"line":147,"column":25}},"6":{"start":{"line":150,"column":8},"end":{"line":150,"column":7295}},"7":{"start":{"line":154,"column":8},"end":{"line":154,"column":7421}},"8":{"start":{"line":158,"column":8},"end":{"line":158,"column":7574}},"9":{"start":{"line":162,"column":8},"end":{"line":162,"column":7725}},"10":{"start":{"line":166,"column":8},"end":{"line":166,"column":7862}},"11":{"start":{"line":171,"column":8},"end":{"line":171,"column":33}},"12":{"start":{"line":172,"column":8},"end":{"line":172,"column":21}},"13":{"start":{"line":173,"column":8},"end":{"line":173,"column":39}},"14":{"start":{"line":174,"column":8},"end":{"line":174,"column":39}},"15":{"start":{"line":175,"column":8},"end":{"line":175,"column":21}},"16":{"start":{"line":176,"column":8},"end":{"line":176,"column":29}},"17":{"start":{"line":177,"column":8},"end":{"line":177,"column":25}},"18":{"start":{"line":178,"column":8},"end":{"line":178,"column":37}},"19":{"start":{"line":179,"column":8},"end":{"line":179,"column":41}},"20":{"start":{"line":180,"column":8},"end":{"line":180,"column":35}},"21":{"start":{"line":181,"column":8},"end":{"line":181,"column":43}},"22":{"start":{"line":182,"column":8},"end":{"line":182,"column":37}},"23":{"start":{"line":183,"column":8},"end":{"line":183,"column":40}},"24":{"start":{"line":184,"column":8},"end":{"line":184,"column":17}},"25":{"start":{"line":186,"column":8},"end":{"line":186,"column":21}},"26":{"start":{"line":188,"column":8},"end":{"line":188,"column":58}},"27":{"start":{"line":191,"column":8},"end":{"line":191,"column":65}},"28":{"start":{"line":193,"column":8},"end":{"line":193,"column":8887}},"29":{"start":{"line":203,"column":8},"end":{"line":203,"column":41}},"30":{"start":{"line":204,"column":8},"end":{"line":204,"column":39}},"31":{"start":{"line":224,"column":8},"end":{"line":224,"column":10042}},"32":{"start":{"line":228,"column":8},"end":{"line":228,"column":10182}},"33":{"start":{"line":232,"column":8},"end":{"line":232,"column":63}},"34":{"start":{"line":233,"column":8},"end":{"line":233,"column":10408}},"35":{"start":{"line":254,"column":8},"end":{"line":254,"column":71}},"36":{"start":{"line":255,"column":8},"end":{"line":255,"column":53}},"37":{"start":{"line":256,"column":8},"end":{"line":256,"column":11151}},"38":{"start":{"line":259,"column":8},"end":{"line":259,"column":39}},"39":{"start":{"line":282,"column":8},"end":{"line":282,"column":71}},"40":{"start":{"line":283,"column":8},"end":{"line":283,"column":53}},"41":{"start":{"line":286,"column":8},"end":{"line":286,"column":12436}},"42":{"start":{"line":291,"column":8},"end":{"line":291,"column":12567}},"43":{"start":{"line":295,"column":8},"end":{"line":295,"column":12707}},"44":{"start":{"line":300,"column":8},"end":{"line":300,"column":63}},"45":{"start":{"line":302,"column":8},"end":{"line":302,"column":43}},"46":{"start":{"line":303,"column":8},"end":{"line":303,"column":53}},"47":{"start":{"line":304,"column":8},"end":{"line":304,"column":37}},"48":{"start":{"line":305,"column":8},"end":{"line":305,"column":57}},"49":{"start":{"line":306,"column":8},"end":{"line":306,"column":69}},"50":{"start":{"line":307,"column":8},"end":{"line":307,"column":43}},"51":{"start":{"line":308,"column":8},"end":{"line":308,"column":56}},"52":{"start":{"line":309,"column":8},"end":{"line":309,"column":81}},"53":{"start":{"line":329,"column":8},"end":{"line":329,"column":92}},"54":{"start":{"line":330,"column":8},"end":{"line":330,"column":14378}},"55":{"start":{"line":336,"column":8},"end":{"line":336,"column":14697}},"56":{"start":{"line":337,"column":12},"end":{"line":337,"column":14759}},"57":{"start":{"line":341,"column":12},"end":{"line":341,"column":14918}},"58":{"start":{"line":346,"column":12},"end":{"line":346,"column":75}},"59":{"start":{"line":347,"column":12},"end":{"line":347,"column":15182}},"60":{"start":{"line":369,"column":8},"end":{"line":369,"column":15761}},"61":{"start":{"line":374,"column":8},"end":{"line":374,"column":78}},"62":{"start":{"line":377,"column":8},"end":{"line":377,"column":64}},"63":{"start":{"line":383,"column":8},"end":{"line":383,"column":16428}},"64":{"start":{"line":386,"column":8},"end":{"line":386,"column":16574}},"65":{"start":{"line":389,"column":8},"end":{"line":389,"column":16683}},"66":{"start":{"line":394,"column":8},"end":{"line":394,"column":16844}},"67":{"start":{"line":395,"column":12},"end":{"line":395,"column":16877}},"68":{"start":{"line":400,"column":12},"end":{"line":400,"column":26}},"69":{"start":{"line":404,"column":8},"end":{"line":404,"column":75}},"70":{"start":{"line":410,"column":8},"end":{"line":410,"column":98}},"71":{"start":{"line":414,"column":8},"end":{"line":414,"column":17820}},"72":{"start":{"line":419,"column":8},"end":{"line":419,"column":18007}},"73":{"start":{"line":424,"column":8},"end":{"line":424,"column":41}},"74":{"start":{"line":425,"column":8},"end":{"line":425,"column":81}},"75":{"start":{"line":427,"column":8},"end":{"line":427,"column":34}},"76":{"start":{"line":428,"column":8},"end":{"line":428,"column":29}},"77":{"start":{"line":429,"column":8},"end":{"line":429,"column":51}},"78":{"start":{"line":430,"column":8},"end":{"line":430,"column":45}},"79":{"start":{"line":433,"column":8},"end":{"line":433,"column":18552}},"80":{"start":{"line":434,"column":12},"end":{"line":434,"column":24}},"81":{"start":{"line":435,"column":14},"end":{"line":435,"column":18617}},"82":{"start":{"line":436,"column":12},"end":{"line":436,"column":47}},"83":{"start":{"line":437,"column":12},"end":{"line":437,"column":36}},"84":{"start":{"line":439,"column":12},"end":{"line":439,"column":36}},"85":{"start":{"line":444,"column":8},"end":{"line":444,"column":29}},"86":{"start":{"line":445,"column":8},"end":{"line":445,"column":59}},"87":{"start":{"line":446,"column":8},"end":{"line":446,"column":40}},"88":{"start":{"line":448,"column":8},"end":{"line":448,"column":19060}},"89":{"start":{"line":449,"column":12},"end":{"line":449,"column":32}},"90":{"start":{"line":454,"column":8},"end":{"line":454,"column":19260}},"91":{"start":{"line":455,"column":12},"end":{"line":455,"column":32}},"92":{"start":{"line":456,"column":12},"end":{"line":456,"column":85}},"93":{"start":{"line":460,"column":8},"end":{"line":460,"column":19474}},"94":{"start":{"line":463,"column":8},"end":{"line":463,"column":58}},"95":{"start":{"line":466,"column":8},"end":{"line":466,"column":19715}},"96":{"start":{"line":475,"column":8},"end":{"line":475,"column":51}},"97":{"start":{"line":479,"column":8},"end":{"line":479,"column":38}},"98":{"start":{"line":491,"column":8},"end":{"line":491,"column":70}},"99":{"start":{"line":492,"column":8},"end":{"line":492,"column":62}},"100":{"start":{"line":493,"column":8},"end":{"line":493,"column":43}},"101":{"start":{"line":494,"column":8},"end":{"line":494,"column":87}},"102":{"start":{"line":497,"column":8},"end":{"line":497,"column":20833}},"103":{"start":{"line":503,"column":8},"end":{"line":503,"column":21128}},"104":{"start":{"line":507,"column":8},"end":{"line":507,"column":31}},"105":{"start":{"line":509,"column":8},"end":{"line":509,"column":48}},"106":{"start":{"line":510,"column":8},"end":{"line":510,"column":66}},"107":{"start":{"line":513,"column":8},"end":{"line":513,"column":21563}},"108":{"start":{"line":517,"column":8},"end":{"line":517,"column":61}},"109":{"start":{"line":518,"column":8},"end":{"line":518,"column":79}},"110":{"start":{"line":520,"column":8},"end":{"line":520,"column":52}},"111":{"start":{"line":522,"column":8},"end":{"line":522,"column":34}},"112":{"start":{"line":523,"column":8},"end":{"line":523,"column":37}},"113":{"start":{"line":525,"column":8},"end":{"line":525,"column":21989}},"114":{"start":{"line":531,"column":8},"end":{"line":531,"column":22190}},"115":{"start":{"line":538,"column":8},"end":{"line":538,"column":31}},"116":{"start":{"line":545,"column":8},"end":{"line":545,"column":22504}},"117":{"start":{"line":549,"column":8},"end":{"line":549,"column":67}},"118":{"start":{"line":550,"column":8},"end":{"line":550,"column":65}},"119":{"start":{"line":551,"column":8},"end":{"line":551,"column":57}},"120":{"start":{"line":552,"column":8},"end":{"line":552,"column":62}},"121":{"start":{"line":553,"column":8},"end":{"line":553,"column":55}},"122":{"start":{"line":554,"column":8},"end":{"line":554,"column":47}},"123":{"start":{"line":556,"column":8},"end":{"line":556,"column":36}},"124":{"start":{"line":557,"column":8},"end":{"line":557,"column":40}},"125":{"start":{"line":558,"column":8},"end":{"line":558,"column":23102}},"126":{"start":{"line":562,"column":8},"end":{"line":562,"column":56}},"127":{"start":{"line":564,"column":8},"end":{"line":564,"column":28}},"128":{"start":{"line":573,"column":8},"end":{"line":573,"column":20}},"129":{"start":{"line":580,"column":8},"end":{"line":580,"column":60}},"130":{"start":{"line":581,"column":8},"end":{"line":581,"column":56}},"131":{"start":{"line":583,"column":8},"end":{"line":583,"column":21}},"132":{"start":{"line":593,"column":8},"end":{"line":593,"column":53}},"133":{"start":{"line":594,"column":8},"end":{"line":594,"column":20}},"134":{"start":{"line":595,"column":8},"end":{"line":595,"column":21}},"135":{"start":{"line":608,"column":8},"end":{"line":608,"column":24694}},"136":{"start":{"line":612,"column":8},"end":{"line":612,"column":24903}},"137":{"start":{"line":613,"column":12},"end":{"line":613,"column":24942}},"138":{"start":{"line":622,"column":12},"end":{"line":622,"column":25355}},"139":{"start":{"line":624,"column":12},"end":{"line":624,"column":25458}},"140":{"start":{"line":626,"column":12},"end":{"line":626,"column":25548}},"141":{"start":{"line":639,"column":8},"end":{"line":639,"column":71}},"142":{"start":{"line":640,"column":8},"end":{"line":640,"column":53}},"143":{"start":{"line":641,"column":8},"end":{"line":641,"column":73}},"144":{"start":{"line":643,"column":8},"end":{"line":643,"column":33}},"145":{"start":{"line":644,"column":8},"end":{"line":644,"column":37}},"146":{"start":{"line":653,"column":8},"end":{"line":653,"column":53}},"147":{"start":{"line":654,"column":8},"end":{"line":654,"column":73}},"148":{"start":{"line":655,"column":8},"end":{"line":655,"column":37}},"149":{"start":{"line":656,"column":8},"end":{"line":656,"column":26820}},"150":{"start":{"line":657,"column":12},"end":{"line":657,"column":80}},"151":{"start":{"line":658,"column":12},"end":{"line":658,"column":41}},"152":{"start":{"line":659,"column":12},"end":{"line":659,"column":50}},"153":{"start":{"line":668,"column":8},"end":{"line":668,"column":53}},"154":{"start":{"line":669,"column":8},"end":{"line":669,"column":73}},"155":{"start":{"line":671,"column":8},"end":{"line":671,"column":33}},"156":{"start":{"line":682,"column":8},"end":{"line":682,"column":27763}},"157":{"start":{"line":686,"column":8},"end":{"line":686,"column":75}},"158":{"start":{"line":687,"column":8},"end":{"line":687,"column":42}},"159":{"start":{"line":688,"column":8},"end":{"line":688,"column":63}},"160":{"start":{"line":696,"column":8},"end":{"line":696,"column":28363}},"161":{"start":{"line":700,"column":8},"end":{"line":700,"column":27}},"162":{"start":{"line":701,"column":8},"end":{"line":701,"column":39}},"163":{"start":{"line":710,"column":8},"end":{"line":710,"column":62}},"164":{"start":{"line":711,"column":8},"end":{"line":711,"column":43}},"165":{"start":{"line":712,"column":8},"end":{"line":712,"column":87}},"166":{"start":{"line":717,"column":8},"end":{"line":717,"column":29219}},"167":{"start":{"line":718,"column":12},"end":{"line":718,"column":20}},"168":{"start":{"line":722,"column":8},"end":{"line":722,"column":79}},"169":{"start":{"line":726,"column":8},"end":{"line":726,"column":29555}},"170":{"start":{"line":727,"column":12},"end":{"line":727,"column":20}},"171":{"start":{"line":730,"column":8},"end":{"line":730,"column":75}},"172":{"start":{"line":734,"column":8},"end":{"line":734,"column":29839}},"173":{"start":{"line":735,"column":12},"end":{"line":735,"column":74}},"174":{"start":{"line":742,"column":12},"end":{"line":742,"column":30340}},"175":{"start":{"line":745,"column":12},"end":{"line":745,"column":58}},"176":{"start":{"line":754,"column":8},"end":{"line":754,"column":25}},"177":{"start":{"line":766,"column":8},"end":{"line":766,"column":62}},"178":{"start":{"line":767,"column":8},"end":{"line":767,"column":43}},"179":{"start":{"line":768,"column":8},"end":{"line":768,"column":56}},"180":{"start":{"line":770,"column":8},"end":{"line":770,"column":71}},"181":{"start":{"line":778,"column":8},"end":{"line":778,"column":62}},"182":{"start":{"line":779,"column":8},"end":{"line":779,"column":43}},"183":{"start":{"line":780,"column":8},"end":{"line":780,"column":56}},"184":{"start":{"line":782,"column":8},"end":{"line":782,"column":70}},"185":{"start":{"line":798,"column":8},"end":{"line":798,"column":99}},"186":{"start":{"line":818,"column":8},"end":{"line":818,"column":39}},"187":{"start":{"line":819,"column":8},"end":{"line":819,"column":49}},"188":{"start":{"line":820,"column":8},"end":{"line":820,"column":33}},"189":{"start":{"line":821,"column":8},"end":{"line":821,"column":53}},"190":{"start":{"line":822,"column":8},"end":{"line":822,"column":65}},"191":{"start":{"line":823,"column":8},"end":{"line":823,"column":65}},"192":{"start":{"line":824,"column":8},"end":{"line":824,"column":39}},"193":{"start":{"line":825,"column":8},"end":{"line":825,"column":59}},"194":{"start":{"line":826,"column":8},"end":{"line":826,"column":57}}},"branchMap":{"1":{"line":104,"type":"if","locations":[{"start":{"line":104,"column":8},"end":{"line":104,"column":8}},{"start":{"line":104,"column":8},"end":{"line":104,"column":8}}]},"2":{"line":109,"type":"if","locations":[{"start":{"line":109,"column":8},"end":{"line":109,"column":8}},{"start":{"line":109,"column":8},"end":{"line":109,"column":8}}]},"3":{"line":110,"type":"if","locations":[{"start":{"line":110,"column":8},"end":{"line":110,"column":8}},{"start":{"line":110,"column":8},"end":{"line":110,"column":8}}]},"4":{"line":146,"type":"if","locations":[{"start":{"line":146,"column":8},"end":{"line":146,"column":8}},{"start":{"line":146,"column":8},"end":{"line":146,"column":8}}]},"5":{"line":150,"type":"if","locations":[{"start":{"line":150,"column":8},"end":{"line":150,"column":8}},{"start":{"line":150,"column":8},"end":{"line":150,"column":8}}]},"6":{"line":154,"type":"if","locations":[{"start":{"line":154,"column":8},"end":{"line":154,"column":8}},{"start":{"line":154,"column":8},"end":{"line":154,"column":8}}]},"7":{"line":158,"type":"if","locations":[{"start":{"line":158,"column":8},"end":{"line":158,"column":8}},{"start":{"line":158,"column":8},"end":{"line":158,"column":8}}]},"8":{"line":162,"type":"if","locations":[{"start":{"line":162,"column":8},"end":{"line":162,"column":8}},{"start":{"line":162,"column":8},"end":{"line":162,"column":8}}]},"9":{"line":166,"type":"if","locations":[{"start":{"line":166,"column":8},"end":{"line":166,"column":8}},{"start":{"line":166,"column":8},"end":{"line":166,"column":8}}]},"10":{"line":224,"type":"if","locations":[{"start":{"line":224,"column":8},"end":{"line":224,"column":8}},{"start":{"line":224,"column":8},"end":{"line":224,"column":8}}]},"11":{"line":228,"type":"if","locations":[{"start":{"line":228,"column":8},"end":{"line":228,"column":8}},{"start":{"line":228,"column":8},"end":{"line":228,"column":8}}]},"12":{"line":254,"type":"if","locations":[{"start":{"line":254,"column":8},"end":{"line":254,"column":8}},{"start":{"line":254,"column":8},"end":{"line":254,"column":8}}]},"13":{"line":255,"type":"if","locations":[{"start":{"line":255,"column":8},"end":{"line":255,"column":8}},{"start":{"line":255,"column":8},"end":{"line":255,"column":8}}]},"14":{"line":256,"type":"if","locations":[{"start":{"line":256,"column":8},"end":{"line":256,"column":8}},{"start":{"line":256,"column":8},"end":{"line":256,"column":8}}]},"15":{"line":282,"type":"if","locations":[{"start":{"line":282,"column":8},"end":{"line":282,"column":8}},{"start":{"line":282,"column":8},"end":{"line":282,"column":8}}]},"16":{"line":283,"type":"if","locations":[{"start":{"line":283,"column":8},"end":{"line":283,"column":8}},{"start":{"line":283,"column":8},"end":{"line":283,"column":8}}]},"17":{"line":286,"type":"if","locations":[{"start":{"line":286,"column":8},"end":{"line":286,"column":8}},{"start":{"line":286,"column":8},"end":{"line":286,"column":8}}]},"18":{"line":291,"type":"if","locations":[{"start":{"line":291,"column":8},"end":{"line":291,"column":8}},{"start":{"line":291,"column":8},"end":{"line":291,"column":8}}]},"19":{"line":295,"type":"if","locations":[{"start":{"line":295,"column":8},"end":{"line":295,"column":8}},{"start":{"line":295,"column":8},"end":{"line":295,"column":8}}]},"20":{"line":329,"type":"if","locations":[{"start":{"line":329,"column":8},"end":{"line":329,"column":8}},{"start":{"line":329,"column":8},"end":{"line":329,"column":8}}]},"21":{"line":330,"type":"if","locations":[{"start":{"line":330,"column":8},"end":{"line":330,"column":8}},{"start":{"line":330,"column":8},"end":{"line":330,"column":8}}]},"22":{"line":337,"type":"if","locations":[{"start":{"line":337,"column":12},"end":{"line":337,"column":12}},{"start":{"line":337,"column":12},"end":{"line":337,"column":12}}]},"23":{"line":341,"type":"if","locations":[{"start":{"line":341,"column":12},"end":{"line":341,"column":12}},{"start":{"line":341,"column":12},"end":{"line":341,"column":12}}]},"24":{"line":369,"type":"if","locations":[{"start":{"line":369,"column":8},"end":{"line":369,"column":8}},{"start":{"line":369,"column":8},"end":{"line":369,"column":8}}]},"25":{"line":377,"type":"if","locations":[{"start":{"line":377,"column":8},"end":{"line":377,"column":8}},{"start":{"line":377,"column":8},"end":{"line":377,"column":8}}]},"26":{"line":383,"type":"if","locations":[{"start":{"line":383,"column":8},"end":{"line":383,"column":8}},{"start":{"line":383,"column":8},"end":{"line":383,"column":8}}]},"27":{"line":386,"type":"if","locations":[{"start":{"line":386,"column":8},"end":{"line":386,"column":8}},{"start":{"line":386,"column":8},"end":{"line":386,"column":8}}]},"28":{"line":389,"type":"if","locations":[{"start":{"line":389,"column":8},"end":{"line":389,"column":8}},{"start":{"line":389,"column":8},"end":{"line":389,"column":8}}]},"29":{"line":394,"type":"if","locations":[{"start":{"line":394,"column":8},"end":{"line":394,"column":8}},{"start":{"line":394,"column":8},"end":{"line":394,"column":8}}]},"30":{"line":395,"type":"if","locations":[{"start":{"line":395,"column":12},"end":{"line":395,"column":12}},{"start":{"line":395,"column":12},"end":{"line":395,"column":12}}]},"31":{"line":414,"type":"if","locations":[{"start":{"line":414,"column":8},"end":{"line":414,"column":8}},{"start":{"line":414,"column":8},"end":{"line":414,"column":8}}]},"32":{"line":419,"type":"if","locations":[{"start":{"line":419,"column":8},"end":{"line":419,"column":8}},{"start":{"line":419,"column":8},"end":{"line":419,"column":8}}]},"33":{"line":433,"type":"if","locations":[{"start":{"line":433,"column":8},"end":{"line":433,"column":8}},{"start":{"line":433,"column":8},"end":{"line":433,"column":8}}]},"34":{"line":435,"type":"if","locations":[{"start":{"line":435,"column":14},"end":{"line":435,"column":14}},{"start":{"line":435,"column":14},"end":{"line":435,"column":14}}]},"35":{"line":448,"type":"if","locations":[{"start":{"line":448,"column":8},"end":{"line":448,"column":8}},{"start":{"line":448,"column":8},"end":{"line":448,"column":8}}]},"36":{"line":454,"type":"if","locations":[{"start":{"line":454,"column":8},"end":{"line":454,"column":8}},{"start":{"line":454,"column":8},"end":{"line":454,"column":8}}]},"37":{"line":460,"type":"if","locations":[{"start":{"line":460,"column":8},"end":{"line":460,"column":8}},{"start":{"line":460,"column":8},"end":{"line":460,"column":8}}]},"38":{"line":466,"type":"if","locations":[{"start":{"line":466,"column":8},"end":{"line":466,"column":8}},{"start":{"line":466,"column":8},"end":{"line":466,"column":8}}]},"39":{"line":491,"type":"if","locations":[{"start":{"line":491,"column":8},"end":{"line":491,"column":8}},{"start":{"line":491,"column":8},"end":{"line":491,"column":8}}]},"40":{"line":497,"type":"if","locations":[{"start":{"line":497,"column":8},"end":{"line":497,"column":8}},{"start":{"line":497,"column":8},"end":{"line":497,"column":8}}]},"41":{"line":503,"type":"if","locations":[{"start":{"line":503,"column":8},"end":{"line":503,"column":8}},{"start":{"line":503,"column":8},"end":{"line":503,"column":8}}]},"42":{"line":510,"type":"if","locations":[{"start":{"line":510,"column":8},"end":{"line":510,"column":8}},{"start":{"line":510,"column":8},"end":{"line":510,"column":8}}]},"43":{"line":513,"type":"if","locations":[{"start":{"line":513,"column":8},"end":{"line":513,"column":8}},{"start":{"line":513,"column":8},"end":{"line":513,"column":8}}]},"44":{"line":525,"type":"if","locations":[{"start":{"line":525,"column":8},"end":{"line":525,"column":8}},{"start":{"line":525,"column":8},"end":{"line":525,"column":8}}]},"45":{"line":545,"type":"if","locations":[{"start":{"line":545,"column":8},"end":{"line":545,"column":8}},{"start":{"line":545,"column":8},"end":{"line":545,"column":8}}]},"46":{"line":549,"type":"if","locations":[{"start":{"line":549,"column":8},"end":{"line":549,"column":8}},{"start":{"line":549,"column":8},"end":{"line":549,"column":8}}]},"47":{"line":552,"type":"if","locations":[{"start":{"line":552,"column":8},"end":{"line":552,"column":8}},{"start":{"line":552,"column":8},"end":{"line":552,"column":8}}]},"48":{"line":558,"type":"if","locations":[{"start":{"line":558,"column":8},"end":{"line":558,"column":8}},{"start":{"line":558,"column":8},"end":{"line":558,"column":8}}]},"49":{"line":580,"type":"if","locations":[{"start":{"line":580,"column":8},"end":{"line":580,"column":8}},{"start":{"line":580,"column":8},"end":{"line":580,"column":8}}]},"50":{"line":581,"type":"if","locations":[{"start":{"line":581,"column":8},"end":{"line":581,"column":8}},{"start":{"line":581,"column":8},"end":{"line":581,"column":8}}]},"51":{"line":593,"type":"if","locations":[{"start":{"line":593,"column":8},"end":{"line":593,"column":8}},{"start":{"line":593,"column":8},"end":{"line":593,"column":8}}]},"52":{"line":608,"type":"if","locations":[{"start":{"line":608,"column":8},"end":{"line":608,"column":8}},{"start":{"line":608,"column":8},"end":{"line":608,"column":8}}]},"53":{"line":612,"type":"if","locations":[{"start":{"line":612,"column":8},"end":{"line":612,"column":8}},{"start":{"line":612,"column":8},"end":{"line":612,"column":8}}]},"54":{"line":613,"type":"if","locations":[{"start":{"line":613,"column":12},"end":{"line":613,"column":12}},{"start":{"line":613,"column":12},"end":{"line":613,"column":12}}]},"55":{"line":626,"type":"if","locations":[{"start":{"line":626,"column":12},"end":{"line":626,"column":12}},{"start":{"line":626,"column":12},"end":{"line":626,"column":12}}]},"56":{"line":639,"type":"if","locations":[{"start":{"line":639,"column":8},"end":{"line":639,"column":8}},{"start":{"line":639,"column":8},"end":{"line":639,"column":8}}]},"57":{"line":640,"type":"if","locations":[{"start":{"line":640,"column":8},"end":{"line":640,"column":8}},{"start":{"line":640,"column":8},"end":{"line":640,"column":8}}]},"58":{"line":641,"type":"if","locations":[{"start":{"line":641,"column":8},"end":{"line":641,"column":8}},{"start":{"line":641,"column":8},"end":{"line":641,"column":8}}]},"59":{"line":653,"type":"if","locations":[{"start":{"line":653,"column":8},"end":{"line":653,"column":8}},{"start":{"line":653,"column":8},"end":{"line":653,"column":8}}]},"60":{"line":654,"type":"if","locations":[{"start":{"line":654,"column":8},"end":{"line":654,"column":8}},{"start":{"line":654,"column":8},"end":{"line":654,"column":8}}]},"61":{"line":657,"type":"if","locations":[{"start":{"line":657,"column":12},"end":{"line":657,"column":12}},{"start":{"line":657,"column":12},"end":{"line":657,"column":12}}]},"62":{"line":668,"type":"if","locations":[{"start":{"line":668,"column":8},"end":{"line":668,"column":8}},{"start":{"line":668,"column":8},"end":{"line":668,"column":8}}]},"63":{"line":669,"type":"if","locations":[{"start":{"line":669,"column":8},"end":{"line":669,"column":8}},{"start":{"line":669,"column":8},"end":{"line":669,"column":8}}]},"64":{"line":682,"type":"if","locations":[{"start":{"line":682,"column":8},"end":{"line":682,"column":8}},{"start":{"line":682,"column":8},"end":{"line":682,"column":8}}]},"65":{"line":696,"type":"if","locations":[{"start":{"line":696,"column":8},"end":{"line":696,"column":8}},{"start":{"line":696,"column":8},"end":{"line":696,"column":8}}]},"66":{"line":717,"type":"if","locations":[{"start":{"line":717,"column":8},"end":{"line":717,"column":8}},{"start":{"line":717,"column":8},"end":{"line":717,"column":8}}]},"67":{"line":726,"type":"if","locations":[{"start":{"line":726,"column":8},"end":{"line":726,"column":8}},{"start":{"line":726,"column":8},"end":{"line":726,"column":8}}]},"68":{"line":734,"type":"if","locations":[{"start":{"line":734,"column":8},"end":{"line":734,"column":8}},{"start":{"line":734,"column":8},"end":{"line":734,"column":8}}]}}},"contracts/seed/SeedFactory.sol":{"l":{"40":3,"44":2,"81":8,"82":8,"86":7,"93":6,"95":6,"98":6,"112":1,"114":1},"path":"/home/decadanse/DS/launch-contracts/contracts/seed/SeedFactory.sol","s":{"1":3,"2":2,"3":8,"4":7,"5":6,"6":6,"7":6,"8":1,"9":1},"b":{"1":[2,1],"2":[7,1],"3":[6,1]},"f":{"1":3,"2":8},"fnMap":{"1":{"name":"setMasterCopy","line":39,"loc":{"start":{"line":39,"column":4},"end":{"line":45,"column":4}}},"2":{"name":"deploySeed","line":80,"loc":{"start":{"line":68,"column":4},"end":{"line":115,"column":4}}}},"statementMap":{"1":{"start":{"line":40,"column":8},"end":{"line":40,"column":1325}},"2":{"start":{"line":44,"column":8},"end":{"line":44,"column":31}},"3":{"start":{"line":82,"column":12},"end":{"line":82,"column":3728}},"4":{"start":{"line":86,"column":12},"end":{"line":86,"column":3880}},"5":{"start":{"line":93,"column":8},"end":{"line":93,"column":59}},"6":{"start":{"line":95,"column":8},"end":{"line":95,"column":47}},"7":{"start":{"line":98,"column":8},"end":{"line":98,"column":4211}},"8":{"start":{"line":112,"column":8},"end":{"line":112,"column":51}},"9":{"start":{"line":114,"column":8},"end":{"line":114,"column":23}}},"branchMap":{"1":{"line":40,"type":"if","locations":[{"start":{"line":40,"column":8},"end":{"line":40,"column":8}},{"start":{"line":40,"column":8},"end":{"line":40,"column":8}}]},"2":{"line":82,"type":"if","locations":[{"start":{"line":82,"column":12},"end":{"line":82,"column":12}},{"start":{"line":82,"column":12},"end":{"line":82,"column":12}}]},"3":{"line":86,"type":"if","locations":[{"start":{"line":86,"column":12},"end":{"line":86,"column":12}},{"start":{"line":86,"column":12},"end":{"line":86,"column":12}}]}}},"contracts/test/CustomDecimalERC20Mock.sol":{"l":{"14":27,"15":27,"19":9},"path":"/home/decadanse/DS/launch-contracts/contracts/test/CustomDecimalERC20Mock.sol","s":{"1":27,"2":27,"3":9},"b":{},"f":{"1":27,"2":9},"fnMap":{"1":{"name":"constructor","line":13,"loc":{"start":{"line":9,"column":4},"end":{"line":16,"column":4}}},"2":{"name":"decimals","line":18,"loc":{"start":{"line":18,"column":4},"end":{"line":20,"column":4}}}},"statementMap":{"1":{"start":{"line":14,"column":8},"end":{"line":14,"column":53}},"2":{"start":{"line":15,"column":8},"end":{"line":15,"column":28}},"3":{"start":{"line":19,"column":8},"end":{"line":19,"column":24}}},"branchMap":{}},"contracts/utils/CloneFactory.sol":{"l":{"46":6,"47":6,"67":0,"68":0},"path":"/home/decadanse/DS/launch-contracts/contracts/utils/CloneFactory.sol","s":{"1":6,"2":0},"b":{},"f":{"1":6,"2":0},"fnMap":{"1":{"name":"createClone","line":45,"loc":{"start":{"line":45,"column":4},"end":{"line":60,"column":4}}},"2":{"name":"isClone","line":62,"loc":{"start":{"line":62,"column":4},"end":{"line":87,"column":4}}}},"statementMap":{"1":{"start":{"line":46,"column":8},"end":{"line":46,"column":45}},"2":{"start":{"line":67,"column":8},"end":{"line":67,"column":45}}},"branchMap":{}},"contracts/utils/interface/ILBP.sol":{"l":{},"path":"/home/decadanse/DS/launch-contracts/contracts/utils/interface/ILBP.sol","s":{},"b":{},"f":{},"fnMap":{},"statementMap":{},"branchMap":{}},"contracts/utils/interface/ILBPFactory.sol":{"l":{},"path":"/home/decadanse/DS/launch-contracts/contracts/utils/interface/ILBPFactory.sol","s":{},"b":{},"f":{},"fnMap":{},"statementMap":{},"branchMap":{}},"contracts/utils/interface/IVault.sol":{"l":{},"path":"/home/decadanse/DS/launch-contracts/contracts/utils/interface/IVault.sol","s":{},"b":{},"f":{},"fnMap":{},"statementMap":{},"branchMap":{}}}