{"contracts/lbp/LBPManager.sol":{"l":{"65":0,"66":0,"74":0,"76":0,"77":0,"119":0,"120":0,"122":0,"124":0,"125":0,"134":0,"138":0,"143":0,"144":0,"145":0,"146":0,"147":0,"148":0,"149":0,"150":0,"151":0,"152":0,"155":0,"156":0,"157":0,"158":0,"160":0,"161":0,"163":0,"164":0,"166":0,"167":0,"169":0,"170":0,"171":0,"172":0,"173":0,"183":0,"184":0,"185":0,"187":0,"199":0,"205":0,"207":0,"209":0,"210":0,"215":0,"222":0,"223":0,"224":0,"227":0,"234":0,"242":0,"243":0,"248":0,"250":0,"252":0,"254":0,"261":0,"285":0,"287":0,"289":0,"291":0,"296":0,"297":0,"305":0,"312":0,"313":0,"324":0,"332":0,"333":0,"340":0},"path":"/Users/konstantin.britikov/Documents/MyProjects/launch-contracts/contracts/lbp/LBPManager.sol","s":{"1":0,"2":0,"3":0,"4":0,"5":0,"6":0,"7":0,"8":0,"9":0,"10":0,"11":0,"12":0,"13":0,"14":0,"15":0,"16":0,"17":0,"18":0,"19":0,"20":0,"21":0,"22":0,"23":0,"24":0,"25":0,"26":0,"27":0,"28":0,"29":0,"30":0,"31":0,"32":0,"33":0,"34":0,"35":0,"36":0,"37":0,"38":0,"39":0,"40":0,"41":0,"42":0,"43":0,"44":0,"45":0,"46":0,"47":0,"48":0,"49":0,"50":0,"51":0,"52":0,"53":0,"54":0,"55":0,"56":0,"57":0,"58":0,"59":0,"60":0,"61":0,"62":0,"63":0,"64":0,"65":0,"66":0,"67":0,"68":0,"69":0,"70":0,"71":0},"b":{"1":[0,0],"2":[0,0],"3":[0,0],"4":[0,0],"5":[0,0],"6":[0,0],"7":[0,0],"8":[0,0],"9":[0,0],"10":[0,0],"11":[0,0],"12":[0,0],"13":[0,0],"14":[0,0],"15":[0,0],"16":[0,0],"17":[0,0],"18":[0,0],"19":[0,0],"20":[0,0]},"f":{"1":0,"2":0,"3":0,"4":0,"5":0,"6":0,"7":0,"8":0,"9":0,"10":0,"11":0},"fnMap":{"1":{"name":"onlyAdmin","line":64,"loc":{"start":{"line":64,"column":4},"end":{"line":67,"column":4}}},"2":{"name":"transferAdminRights","line":73,"loc":{"start":{"line":73,"column":4},"end":{"line":78,"column":4}}},"3":{"name":"initializeLBPManager","line":106,"loc":{"start":{"line":106,"column":4},"end":{"line":175,"column":4}}},"4":{"name":"initializeLBP","line":181,"loc":{"start":{"line":181,"column":4},"end":{"line":235,"column":4}}},"5":{"name":"removeLiquidity","line":241,"loc":{"start":{"line":241,"column":4},"end":{"line":267,"column":4}}},"6":{"name":"withdrawPoolTokens","line":284,"loc":{"start":{"line":284,"column":4},"end":{"line":298,"column":4}}},"7":{"name":"setSwapEnabled","line":304,"loc":{"start":{"line":304,"column":4},"end":{"line":306,"column":4}}},"8":{"name":"getSwapEnabled","line":311,"loc":{"start":{"line":311,"column":4},"end":{"line":314,"column":4}}},"9":{"name":"projectTokensRequired","line":319,"loc":{"start":{"line":319,"column":4},"end":{"line":325,"column":4}}},"10":{"name":"updateMetadata","line":331,"loc":{"start":{"line":331,"column":4},"end":{"line":334,"column":4}}},"11":{"name":"_feeAmountRequired","line":339,"loc":{"start":{"line":339,"column":4},"end":{"line":343,"column":4}}}},"statementMap":{"1":{"start":{"line":65,"column":8},"end":{"line":65,"column":70}},"2":{"start":{"line":74,"column":8},"end":{"line":74,"column":72}},"3":{"start":{"line":76,"column":8},"end":{"line":76,"column":53}},"4":{"start":{"line":77,"column":8},"end":{"line":77,"column":24}},"5":{"start":{"line":119,"column":8},"end":{"line":119,"column":63}},"6":{"start":{"line":120,"column":8},"end":{"line":120,"column":78}},"7":{"start":{"line":122,"column":8},"end":{"line":122,"column":72}},"8":{"start":{"line":124,"column":8},"end":{"line":124,"column":73}},"9":{"start":{"line":125,"column":8},"end":{"line":125,"column":6439}},"10":{"start":{"line":134,"column":8},"end":{"line":134,"column":6761}},"11":{"start":{"line":138,"column":8},"end":{"line":138,"column":6880}},"12":{"start":{"line":143,"column":8},"end":{"line":143,"column":25}},"13":{"start":{"line":144,"column":8},"end":{"line":144,"column":25}},"14":{"start":{"line":145,"column":8},"end":{"line":145,"column":35}},"15":{"start":{"line":146,"column":8},"end":{"line":146,"column":31}},"16":{"start":{"line":147,"column":8},"end":{"line":147,"column":33}},"17":{"start":{"line":148,"column":8},"end":{"line":148,"column":27}},"18":{"start":{"line":149,"column":8},"end":{"line":149,"column":43}},"19":{"start":{"line":150,"column":8},"end":{"line":150,"column":19}},"20":{"start":{"line":151,"column":8},"end":{"line":151,"column":23}},"21":{"start":{"line":152,"column":8},"end":{"line":152,"column":31}},"22":{"start":{"line":155,"column":8},"end":{"line":155,"column":7429}},"23":{"start":{"line":156,"column":12},"end":{"line":156,"column":32}},"24":{"start":{"line":157,"column":12},"end":{"line":157,"column":40}},"25":{"start":{"line":158,"column":12},"end":{"line":158,"column":40}},"26":{"start":{"line":160,"column":12},"end":{"line":160,"column":36}},"27":{"start":{"line":161,"column":12},"end":{"line":161,"column":36}},"28":{"start":{"line":163,"column":12},"end":{"line":163,"column":46}},"29":{"start":{"line":164,"column":12},"end":{"line":164,"column":46}},"30":{"start":{"line":166,"column":12},"end":{"line":166,"column":42}},"31":{"start":{"line":167,"column":12},"end":{"line":167,"column":42}},"32":{"start":{"line":169,"column":12},"end":{"line":169,"column":32}},"33":{"start":{"line":170,"column":12},"end":{"line":170,"column":33}},"34":{"start":{"line":171,"column":12},"end":{"line":171,"column":29}},"35":{"start":{"line":172,"column":12},"end":{"line":172,"column":39}},"36":{"start":{"line":173,"column":12},"end":{"line":173,"column":35}},"37":{"start":{"line":183,"column":8},"end":{"line":183,"column":77}},"38":{"start":{"line":184,"column":8},"end":{"line":184,"column":62}},"39":{"start":{"line":185,"column":8},"end":{"line":185,"column":24}},"40":{"start":{"line":187,"column":8},"end":{"line":187,"column":8580}},"41":{"start":{"line":199,"column":8},"end":{"line":199,"column":8910}},"42":{"start":{"line":205,"column":8},"end":{"line":205,"column":37}},"43":{"start":{"line":207,"column":8},"end":{"line":207,"column":9087}},"44":{"start":{"line":209,"column":12},"end":{"line":209,"column":60}},"45":{"start":{"line":210,"column":12},"end":{"line":210,"column":9235}},"46":{"start":{"line":215,"column":12},"end":{"line":215,"column":9394}},"47":{"start":{"line":222,"column":8},"end":{"line":222,"column":9562}},"48":{"start":{"line":223,"column":12},"end":{"line":223,"column":72}},"49":{"start":{"line":224,"column":12},"end":{"line":224,"column":59}},"50":{"start":{"line":227,"column":8},"end":{"line":227,"column":9763}},"51":{"start":{"line":234,"column":8},"end":{"line":234,"column":77}},"52":{"start":{"line":242,"column":8},"end":{"line":242,"column":71}},"53":{"start":{"line":243,"column":8},"end":{"line":243,"column":10568}},"54":{"start":{"line":248,"column":8},"end":{"line":248,"column":45}},"55":{"start":{"line":250,"column":8},"end":{"line":250,"column":77}},"56":{"start":{"line":252,"column":8},"end":{"line":252,"column":37}},"57":{"start":{"line":254,"column":8},"end":{"line":254,"column":10914}},"58":{"start":{"line":261,"column":8},"end":{"line":261,"column":11255}},"59":{"start":{"line":285,"column":8},"end":{"line":285,"column":71}},"60":{"start":{"line":287,"column":8},"end":{"line":287,"column":45}},"61":{"start":{"line":289,"column":8},"end":{"line":289,"column":77}},"62":{"start":{"line":291,"column":8},"end":{"line":291,"column":12721}},"63":{"start":{"line":296,"column":8},"end":{"line":296,"column":76}},"64":{"start":{"line":297,"column":8},"end":{"line":297,"column":60}},"65":{"start":{"line":305,"column":8},"end":{"line":305,"column":39}},"66":{"start":{"line":312,"column":8},"end":{"line":312,"column":62}},"67":{"start":{"line":313,"column":8},"end":{"line":313,"column":35}},"68":{"start":{"line":324,"column":8},"end":{"line":324,"column":78}},"69":{"start":{"line":332,"column":8},"end":{"line":332,"column":27}},"70":{"start":{"line":333,"column":8},"end":{"line":333,"column":39}},"71":{"start":{"line":340,"column":8},"end":{"line":340,"column":14369}}},"branchMap":{"1":{"line":65,"type":"if","locations":[{"start":{"line":65,"column":8},"end":{"line":65,"column":8}},{"start":{"line":65,"column":8},"end":{"line":65,"column":8}}]},"2":{"line":74,"type":"if","locations":[{"start":{"line":74,"column":8},"end":{"line":74,"column":8}},{"start":{"line":74,"column":8},"end":{"line":74,"column":8}}]},"3":{"line":119,"type":"if","locations":[{"start":{"line":119,"column":8},"end":{"line":119,"column":8}},{"start":{"line":119,"column":8},"end":{"line":119,"column":8}}]},"4":{"line":120,"type":"if","locations":[{"start":{"line":120,"column":8},"end":{"line":120,"column":8}},{"start":{"line":120,"column":8},"end":{"line":120,"column":8}}]},"5":{"line":122,"type":"if","locations":[{"start":{"line":122,"column":8},"end":{"line":122,"column":8}},{"start":{"line":122,"column":8},"end":{"line":122,"column":8}}]},"6":{"line":124,"type":"if","locations":[{"start":{"line":124,"column":8},"end":{"line":124,"column":8}},{"start":{"line":124,"column":8},"end":{"line":124,"column":8}}]},"7":{"line":125,"type":"if","locations":[{"start":{"line":125,"column":8},"end":{"line":125,"column":8}},{"start":{"line":125,"column":8},"end":{"line":125,"column":8}}]},"8":{"line":134,"type":"if","locations":[{"start":{"line":134,"column":8},"end":{"line":134,"column":8}},{"start":{"line":134,"column":8},"end":{"line":134,"column":8}}]},"9":{"line":138,"type":"if","locations":[{"start":{"line":138,"column":8},"end":{"line":138,"column":8}},{"start":{"line":138,"column":8},"end":{"line":138,"column":8}}]},"10":{"line":155,"type":"if","locations":[{"start":{"line":155,"column":8},"end":{"line":155,"column":8}},{"start":{"line":155,"column":8},"end":{"line":155,"column":8}}]},"11":{"line":183,"type":"if","locations":[{"start":{"line":183,"column":8},"end":{"line":183,"column":8}},{"start":{"line":183,"column":8},"end":{"line":183,"column":8}}]},"12":{"line":184,"type":"if","locations":[{"start":{"line":184,"column":8},"end":{"line":184,"column":8}},{"start":{"line":184,"column":8},"end":{"line":184,"column":8}}]},"13":{"line":207,"type":"if","locations":[{"start":{"line":207,"column":8},"end":{"line":207,"column":8}},{"start":{"line":207,"column":8},"end":{"line":207,"column":8}}]},"14":{"line":242,"type":"if","locations":[{"start":{"line":242,"column":8},"end":{"line":242,"column":8}},{"start":{"line":242,"column":8},"end":{"line":242,"column":8}}]},"15":{"line":243,"type":"if","locations":[{"start":{"line":243,"column":8},"end":{"line":243,"column":8}},{"start":{"line":243,"column":8},"end":{"line":243,"column":8}}]},"16":{"line":250,"type":"if","locations":[{"start":{"line":250,"column":8},"end":{"line":250,"column":8}},{"start":{"line":250,"column":8},"end":{"line":250,"column":8}}]},"17":{"line":285,"type":"if","locations":[{"start":{"line":285,"column":8},"end":{"line":285,"column":8}},{"start":{"line":285,"column":8},"end":{"line":285,"column":8}}]},"18":{"line":289,"type":"if","locations":[{"start":{"line":289,"column":8},"end":{"line":289,"column":8}},{"start":{"line":289,"column":8},"end":{"line":289,"column":8}}]},"19":{"line":291,"type":"if","locations":[{"start":{"line":291,"column":8},"end":{"line":291,"column":8}},{"start":{"line":291,"column":8},"end":{"line":291,"column":8}}]},"20":{"line":312,"type":"if","locations":[{"start":{"line":312,"column":8},"end":{"line":312,"column":8}},{"start":{"line":312,"column":8},"end":{"line":312,"column":8}}]}}},"contracts/lbp/LBPManagerFactory.sol":{"l":{"50":0,"51":0,"55":0,"57":0,"61":0,"73":0,"74":0,"86":0,"87":0,"130":0,"135":0,"137":0,"151":0,"153":0},"path":"/Users/konstantin.britikov/Documents/MyProjects/launch-contracts/contracts/lbp/LBPManagerFactory.sol","s":{"1":0,"2":0,"3":0,"4":0,"5":0,"6":0,"7":0,"8":0,"9":0,"10":0,"11":0,"12":0,"13":0},"b":{"1":[0,0],"2":[0,0],"3":[0,0],"4":[0,0]},"f":{"1":0,"2":0,"3":0,"4":0,"5":0},"fnMap":{"1":{"name":"constructor","line":49,"loc":{"start":{"line":49,"column":4},"end":{"line":52,"column":4}}},"2":{"name":"validAddress","line":54,"loc":{"start":{"line":54,"column":4},"end":{"line":62,"column":4}}},"3":{"name":"setMasterCopy","line":71,"loc":{"start":{"line":68,"column":4},"end":{"line":75,"column":4}}},"4":{"name":"setLBPFactory","line":84,"loc":{"start":{"line":81,"column":4},"end":{"line":88,"column":4}}},"5":{"name":"deployLBPManager","line":128,"loc":{"start":{"line":116,"column":4},"end":{"line":154,"column":4}}}},"statementMap":{"1":{"start":{"line":50,"column":8},"end":{"line":50,"column":76}},"2":{"start":{"line":51,"column":8},"end":{"line":51,"column":31}},"3":{"start":{"line":55,"column":8},"end":{"line":55,"column":76}},"4":{"start":{"line":57,"column":8},"end":{"line":57,"column":1796}},"5":{"start":{"line":73,"column":8},"end":{"line":73,"column":55}},"6":{"start":{"line":74,"column":8},"end":{"line":74,"column":31}},"7":{"start":{"line":86,"column":8},"end":{"line":86,"column":55}},"8":{"start":{"line":87,"column":8},"end":{"line":87,"column":31}},"9":{"start":{"line":130,"column":8},"end":{"line":130,"column":5479}},"10":{"start":{"line":135,"column":8},"end":{"line":135,"column":52}},"11":{"start":{"line":137,"column":8},"end":{"line":137,"column":5658}},"12":{"start":{"line":151,"column":8},"end":{"line":151,"column":57}},"13":{"start":{"line":153,"column":8},"end":{"line":153,"column":62}}},"branchMap":{"1":{"line":50,"type":"if","locations":[{"start":{"line":50,"column":8},"end":{"line":50,"column":8}},{"start":{"line":50,"column":8},"end":{"line":50,"column":8}}]},"2":{"line":55,"type":"if","locations":[{"start":{"line":55,"column":8},"end":{"line":55,"column":8}},{"start":{"line":55,"column":8},"end":{"line":55,"column":8}}]},"3":{"line":57,"type":"if","locations":[{"start":{"line":57,"column":8},"end":{"line":57,"column":8}},{"start":{"line":57,"column":8},"end":{"line":57,"column":8}}]},"4":{"line":130,"type":"if","locations":[{"start":{"line":130,"column":8},"end":{"line":130,"column":8}},{"start":{"line":130,"column":8},"end":{"line":130,"column":8}}]}}},"contracts/seed/Seed.sol":{"l":{"102":126,"103":119,"107":42,"108":41,"109":39,"144":39,"145":37,"148":37,"152":36,"156":35,"160":34,"164":33,"169":32,"170":32,"171":32,"172":32,"173":32,"174":32,"175":32,"176":32,"177":32,"178":32,"179":32,"180":32,"181":32,"182":32,"184":32,"186":32,"189":32,"191":32,"199":32,"200":32,"204":49,"205":3,"207":49,"208":8,"210":8,"212":49,"232":44,"236":42,"240":40,"245":40,"248":40,"267":13,"268":12,"269":11,"272":10,"284":1,"285":1,"286":2,"309":8,"310":7,"311":6,"314":5,"319":5,"323":4,"328":3,"330":3,"331":3,"332":3,"333":3,"334":3,"335":3,"355":6,"356":5,"362":4,"363":6,"364":6,"383":37,"388":35,"389":35,"391":34,"394":31,"397":28,"402":27,"403":20,"410":19,"414":26,"417":26,"420":26,"425":25,"426":25,"428":25,"430":25,"431":0,"433":1,"434":1,"436":24,"438":25,"439":17,"442":25,"443":7,"444":7,"445":20,"450":25,"451":23,"453":25,"457":25,"463":24,"465":24,"477":28,"478":25,"479":25,"480":25,"481":25,"485":24,"489":19,"491":19,"492":19,"493":15,"497":14,"498":14,"500":14,"502":14,"503":14,"505":14,"506":13,"508":13,"515":13,"522":9,"526":8,"527":7,"528":7,"529":7,"530":6,"531":6,"532":6,"533":6,"534":6,"535":6,"537":6,"539":5,"541":5,"550":2,"557":4,"558":3,"560":2,"570":11,"571":10,"572":10,"585":6,"589":4,"590":2,"595":2,"597":2,"599":2,"610":9,"611":8,"612":7,"614":5,"615":5,"624":4,"625":3,"626":2,"627":2,"628":3,"629":2,"630":2,"639":4,"640":3,"642":2,"653":7,"657":3,"659":3,"668":8,"672":7,"673":7,"682":29,"683":29,"684":29,"686":29,"687":1,"691":28,"692":28,"693":4,"696":24,"698":24,"699":10,"701":14,"703":14,"716":1,"717":1,"718":1,"720":1,"728":14,"729":14,"730":14,"732":14,"744":50},"path":"/Users/konstantin.britikov/Documents/MyProjects/launch-contracts/contracts/seed/Seed.sol","s":{"1":126,"2":42,"3":41,"4":39,"5":37,"6":37,"7":36,"8":35,"9":34,"10":33,"11":32,"12":32,"13":32,"14":32,"15":32,"16":32,"17":32,"18":32,"19":32,"20":32,"21":32,"22":32,"23":32,"24":32,"25":32,"26":32,"27":32,"28":32,"29":32,"30":32,"31":49,"32":3,"33":49,"34":8,"35":8,"36":49,"37":44,"38":42,"39":40,"40":40,"41":40,"42":13,"43":12,"44":11,"45":10,"46":1,"47":1,"48":2,"49":8,"50":7,"51":6,"52":5,"53":5,"54":4,"55":3,"56":3,"57":3,"58":3,"59":3,"60":3,"61":3,"62":6,"63":5,"64":4,"65":6,"66":6,"67":37,"68":35,"69":35,"70":34,"71":31,"72":28,"73":27,"74":20,"75":19,"76":26,"77":26,"78":26,"79":25,"80":25,"81":25,"82":25,"83":0,"84":25,"85":1,"86":1,"87":24,"88":25,"89":17,"90":25,"91":7,"92":7,"93":20,"94":25,"95":25,"96":25,"97":24,"98":24,"99":28,"100":25,"101":25,"102":25,"103":25,"104":24,"105":19,"106":19,"107":19,"108":15,"109":14,"110":14,"111":14,"112":14,"113":14,"114":14,"115":13,"116":13,"117":13,"118":9,"119":8,"120":7,"121":7,"122":7,"123":6,"124":6,"125":6,"126":6,"127":6,"128":6,"129":5,"130":5,"131":2,"132":4,"133":3,"134":2,"135":11,"136":10,"137":10,"138":6,"139":4,"140":2,"141":2,"142":2,"143":2,"144":9,"145":8,"146":7,"147":5,"148":5,"149":4,"150":3,"151":2,"152":2,"153":3,"154":2,"155":2,"156":4,"157":3,"158":2,"159":7,"160":3,"161":3,"162":8,"163":7,"164":7,"165":29,"166":29,"167":29,"168":29,"169":1,"170":28,"171":28,"172":4,"173":24,"174":24,"175":10,"176":14,"177":14,"178":1,"179":1,"180":1,"181":1,"182":14,"183":14,"184":14,"185":14,"186":50},"b":{"1":[119,7],"2":[41,1],"3":[39,2],"4":[37,2],"5":[36,1],"6":[35,1],"7":[34,1],"8":[33,1],"9":[32,1],"10":[3,46],"11":[8,41],"12":[42,2],"13":[40,2],"14":[40,0],"15":[12,1],"16":[11,1],"17":[10,1],"18":[1,0],"19":[7,1],"20":[6,1],"21":[5,1],"22":[5,0],"23":[4,1],"24":[3,1],"25":[5,1],"26":[4,1],"27":[35,2],"28":[34,1],"29":[31,3],"30":[28,3],"31":[27,1],"32":[20,7],"33":[19,1],"34":[25,1],"35":[0,25],"36":[1,24],"37":[17,8],"38":[7,18],"39":[23,2],"40":[24,1],"41":[25,3],"42":[24,1],"43":[19,5],"44":[15,4],"45":[14,1],"46":[13,1],"47":[13,0],"48":[8,1],"49":[7,1],"50":[6,1],"51":[5,1],"52":[3,1],"53":[2,1],"54":[10,1],"55":[4,2],"56":[2,2],"57":[1,1],"58":[2,0],"59":[8,1],"60":[7,1],"61":[5,2],"62":[3,1],"63":[2,1],"64":[2,1],"65":[3,1],"66":[2,1],"67":[3,4],"68":[3,0],"69":[7,1],"70":[1,28],"71":[4,24],"72":[10,14]},"f":{"1":126,"2":42,"3":39,"4":49,"5":44,"6":13,"7":1,"8":8,"9":6,"10":37,"11":28,"12":9,"13":2,"14":4,"15":11,"16":6,"17":9,"18":4,"19":4,"20":7,"21":8,"22":29,"23":1,"24":14,"25":50},"fnMap":{"1":{"name":"onlyAdmin","line":101,"loc":{"start":{"line":101,"column":4},"end":{"line":104,"column":4}}},"2":{"name":"isActive","line":106,"loc":{"start":{"line":106,"column":4},"end":{"line":110,"column":4}}},"3":{"name":"initialize","line":131,"loc":{"start":{"line":131,"column":4},"end":{"line":201,"column":4}}},"4":{"name":"calculateSeedAndFee","line":203,"loc":{"start":{"line":203,"column":4},"end":{"line":213,"column":4}}},"5":{"name":"addClass","line":231,"loc":{"start":{"line":224,"column":4},"end":{"line":256,"column":4}}},"6":{"name":"setClass","line":266,"loc":{"start":{"line":263,"column":4},"end":{"line":273,"column":4}}},"7":{"name":"setClassBatch","line":283,"loc":{"start":{"line":280,"column":4},"end":{"line":288,"column":4}}},"8":{"name":"changeClass","line":308,"loc":{"start":{"line":300,"column":4},"end":{"line":336,"column":4}}},"9":{"name":"addClassBatch","line":354,"loc":{"start":{"line":347,"column":4},"end":{"line":372,"column":4}}},"10":{"name":"buy","line":380,"loc":{"start":{"line":378,"column":4},"end":{"line":466,"column":4}}},"11":{"name":"claim","line":473,"loc":{"start":{"line":473,"column":4},"end":{"line":516,"column":4}}},"12":{"name":"retrieveFundingTokens","line":521,"loc":{"start":{"line":521,"column":4},"end":{"line":542,"column":4}}},"13":{"name":"pause","line":549,"loc":{"start":{"line":549,"column":4},"end":{"line":551,"column":4}}},"14":{"name":"unpause","line":556,"loc":{"start":{"line":556,"column":4},"end":{"line":561,"column":4}}},"15":{"name":"close","line":568,"loc":{"start":{"line":568,"column":4},"end":{"line":573,"column":4}}},"16":{"name":"retrieveSeedTokens","line":579,"loc":{"start":{"line":579,"column":4},"end":{"line":602,"column":4}}},"17":{"name":"whitelist","line":609,"loc":{"start":{"line":609,"column":4},"end":{"line":616,"column":4}}},"18":{"name":"whitelistBatch","line":623,"loc":{"start":{"line":623,"column":4},"end":{"line":632,"column":4}}},"19":{"name":"unwhitelist","line":638,"loc":{"start":{"line":638,"column":4},"end":{"line":643,"column":4}}},"20":{"name":"withdraw","line":648,"loc":{"start":{"line":648,"column":4},"end":{"line":661,"column":4}}},"21":{"name":"updateMetadata","line":667,"loc":{"start":{"line":667,"column":4},"end":{"line":674,"column":4}}},"22":{"name":"calculateClaim","line":681,"loc":{"start":{"line":681,"column":4},"end":{"line":705,"column":4}}},"23":{"name":"feeClaimedForFunder","line":711,"loc":{"start":{"line":711,"column":4},"end":{"line":721,"column":4}}},"24":{"name":"feeForFunder","line":727,"loc":{"start":{"line":727,"column":4},"end":{"line":733,"column":4}}},"25":{"name":"seedAmountForFunder","line":739,"loc":{"start":{"line":739,"column":4},"end":{"line":745,"column":4}}}},"statementMap":{"1":{"start":{"line":102,"column":8},"end":{"line":102,"column":67}},"2":{"start":{"line":107,"column":8},"end":{"line":107,"column":53}},"3":{"start":{"line":108,"column":8},"end":{"line":108,"column":53}},"4":{"start":{"line":144,"column":8},"end":{"line":144,"column":66}},"5":{"start":{"line":145,"column":8},"end":{"line":145,"column":25}},"6":{"start":{"line":148,"column":8},"end":{"line":148,"column":6907}},"7":{"start":{"line":152,"column":8},"end":{"line":152,"column":7033}},"8":{"start":{"line":156,"column":8},"end":{"line":156,"column":7186}},"9":{"start":{"line":160,"column":8},"end":{"line":160,"column":7337}},"10":{"start":{"line":164,"column":8},"end":{"line":164,"column":7474}},"11":{"start":{"line":169,"column":8},"end":{"line":169,"column":33}},"12":{"start":{"line":170,"column":8},"end":{"line":170,"column":21}},"13":{"start":{"line":171,"column":8},"end":{"line":171,"column":39}},"14":{"start":{"line":172,"column":8},"end":{"line":172,"column":39}},"15":{"start":{"line":173,"column":8},"end":{"line":173,"column":29}},"16":{"start":{"line":174,"column":8},"end":{"line":174,"column":25}},"17":{"start":{"line":175,"column":8},"end":{"line":175,"column":46}},"18":{"start":{"line":176,"column":8},"end":{"line":176,"column":41}},"19":{"start":{"line":177,"column":8},"end":{"line":177,"column":35}},"20":{"start":{"line":178,"column":8},"end":{"line":178,"column":43}},"21":{"start":{"line":179,"column":8},"end":{"line":179,"column":37}},"22":{"start":{"line":180,"column":8},"end":{"line":180,"column":40}},"23":{"start":{"line":181,"column":8},"end":{"line":181,"column":17}},"24":{"start":{"line":182,"column":8},"end":{"line":182,"column":28}},"25":{"start":{"line":184,"column":8},"end":{"line":184,"column":21}},"26":{"start":{"line":186,"column":8},"end":{"line":186,"column":58}},"27":{"start":{"line":189,"column":8},"end":{"line":189,"column":65}},"28":{"start":{"line":191,"column":8},"end":{"line":191,"column":8498}},"29":{"start":{"line":199,"column":8},"end":{"line":199,"column":41}},"30":{"start":{"line":200,"column":8},"end":{"line":200,"column":39}},"31":{"start":{"line":204,"column":8},"end":{"line":204,"column":8903}},"32":{"start":{"line":205,"column":12},"end":{"line":205,"column":26}},"33":{"start":{"line":207,"column":8},"end":{"line":207,"column":8971}},"34":{"start":{"line":208,"column":12},"end":{"line":208,"column":9051}},"35":{"start":{"line":210,"column":12},"end":{"line":210,"column":32}},"36":{"start":{"line":212,"column":8},"end":{"line":212,"column":65}},"37":{"start":{"line":232,"column":8},"end":{"line":232,"column":10058}},"38":{"start":{"line":236,"column":8},"end":{"line":236,"column":10198}},"39":{"start":{"line":240,"column":8},"end":{"line":240,"column":10307}},"40":{"start":{"line":245,"column":8},"end":{"line":245,"column":56}},"41":{"start":{"line":248,"column":8},"end":{"line":248,"column":10527}},"42":{"start":{"line":267,"column":8},"end":{"line":267,"column":71}},"43":{"start":{"line":268,"column":8},"end":{"line":268,"column":53}},"44":{"start":{"line":269,"column":8},"end":{"line":269,"column":11165}},"45":{"start":{"line":272,"column":8},"end":{"line":272,"column":39}},"46":{"start":{"line":284,"column":8},"end":{"line":284,"column":83}},"47":{"start":{"line":285,"column":8},"end":{"line":285,"column":11729}},"48":{"start":{"line":286,"column":12},"end":{"line":286,"column":47}},"49":{"start":{"line":309,"column":8},"end":{"line":309,"column":71}},"50":{"start":{"line":310,"column":8},"end":{"line":310,"column":53}},"51":{"start":{"line":311,"column":8},"end":{"line":311,"column":12866}},"52":{"start":{"line":314,"column":8},"end":{"line":314,"column":12969}},"53":{"start":{"line":319,"column":8},"end":{"line":319,"column":13093}},"54":{"start":{"line":323,"column":8},"end":{"line":323,"column":13233}},"55":{"start":{"line":328,"column":8},"end":{"line":328,"column":56}},"56":{"start":{"line":330,"column":8},"end":{"line":330,"column":43}},"57":{"start":{"line":331,"column":8},"end":{"line":331,"column":53}},"58":{"start":{"line":332,"column":8},"end":{"line":332,"column":37}},"59":{"start":{"line":333,"column":8},"end":{"line":333,"column":57}},"60":{"start":{"line":334,"column":8},"end":{"line":334,"column":69}},"61":{"start":{"line":335,"column":8},"end":{"line":335,"column":43}},"62":{"start":{"line":355,"column":8},"end":{"line":355,"column":92}},"63":{"start":{"line":356,"column":8},"end":{"line":356,"column":14757}},"64":{"start":{"line":362,"column":8},"end":{"line":362,"column":15076}},"65":{"start":{"line":363,"column":12},"end":{"line":363,"column":71}},"66":{"start":{"line":364,"column":12},"end":{"line":364,"column":15228}},"67":{"start":{"line":383,"column":8},"end":{"line":383,"column":15707}},"68":{"start":{"line":388,"column":8},"end":{"line":388,"column":78}},"69":{"start":{"line":389,"column":8},"end":{"line":389,"column":64}},"70":{"start":{"line":391,"column":8},"end":{"line":391,"column":16096}},"71":{"start":{"line":394,"column":8},"end":{"line":394,"column":16242}},"72":{"start":{"line":397,"column":8},"end":{"line":397,"column":16351}},"73":{"start":{"line":402,"column":8},"end":{"line":402,"column":16512}},"74":{"start":{"line":403,"column":12},"end":{"line":403,"column":16545}},"75":{"start":{"line":410,"column":12},"end":{"line":410,"column":26}},"76":{"start":{"line":414,"column":8},"end":{"line":414,"column":75}},"77":{"start":{"line":417,"column":8},"end":{"line":417,"column":98}},"78":{"start":{"line":420,"column":8},"end":{"line":420,"column":17399}},"79":{"start":{"line":425,"column":8},"end":{"line":425,"column":41}},"80":{"start":{"line":426,"column":8},"end":{"line":426,"column":81}},"81":{"start":{"line":428,"column":8},"end":{"line":428,"column":34}},"82":{"start":{"line":430,"column":8},"end":{"line":430,"column":17770}},"83":{"start":{"line":431,"column":12},"end":{"line":431,"column":24}},"84":{"start":{"line":432,"column":14},"end":{"line":432,"column":17835}},"85":{"start":{"line":433,"column":12},"end":{"line":433,"column":39}},"86":{"start":{"line":434,"column":12},"end":{"line":434,"column":24}},"87":{"start":{"line":436,"column":12},"end":{"line":436,"column":36}},"88":{"start":{"line":438,"column":8},"end":{"line":438,"column":18007}},"89":{"start":{"line":439,"column":12},"end":{"line":439,"column":32}},"90":{"start":{"line":442,"column":8},"end":{"line":442,"column":18096}},"91":{"start":{"line":443,"column":12},"end":{"line":443,"column":32}},"92":{"start":{"line":444,"column":12},"end":{"line":444,"column":18182}},"93":{"start":{"line":445,"column":16},"end":{"line":445,"column":112}},"94":{"start":{"line":450,"column":8},"end":{"line":450,"column":18406}},"95":{"start":{"line":453,"column":8},"end":{"line":453,"column":58}},"96":{"start":{"line":457,"column":8},"end":{"line":457,"column":18712}},"97":{"start":{"line":463,"column":8},"end":{"line":463,"column":51}},"98":{"start":{"line":465,"column":8},"end":{"line":465,"column":38}},"99":{"start":{"line":477,"column":8},"end":{"line":477,"column":70}},"100":{"start":{"line":478,"column":8},"end":{"line":478,"column":61}},"101":{"start":{"line":479,"column":8},"end":{"line":479,"column":43}},"102":{"start":{"line":480,"column":8},"end":{"line":480,"column":87}},"103":{"start":{"line":481,"column":8},"end":{"line":481,"column":19571}},"104":{"start":{"line":485,"column":8},"end":{"line":485,"column":19714}},"105":{"start":{"line":489,"column":8},"end":{"line":489,"column":31}},"106":{"start":{"line":491,"column":8},"end":{"line":491,"column":48}},"107":{"start":{"line":492,"column":8},"end":{"line":492,"column":66}},"108":{"start":{"line":493,"column":8},"end":{"line":493,"column":20029}},"109":{"start":{"line":497,"column":8},"end":{"line":497,"column":61}},"110":{"start":{"line":498,"column":8},"end":{"line":498,"column":79}},"111":{"start":{"line":500,"column":8},"end":{"line":500,"column":52}},"112":{"start":{"line":502,"column":8},"end":{"line":502,"column":34}},"113":{"start":{"line":503,"column":8},"end":{"line":503,"column":37}},"114":{"start":{"line":505,"column":8},"end":{"line":505,"column":103}},"115":{"start":{"line":506,"column":8},"end":{"line":506,"column":95}},"116":{"start":{"line":508,"column":8},"end":{"line":508,"column":20661}},"117":{"start":{"line":515,"column":8},"end":{"line":515,"column":31}},"118":{"start":{"line":522,"column":8},"end":{"line":522,"column":20975}},"119":{"start":{"line":526,"column":8},"end":{"line":526,"column":67}},"120":{"start":{"line":527,"column":8},"end":{"line":527,"column":65}},"121":{"start":{"line":528,"column":8},"end":{"line":528,"column":57}},"122":{"start":{"line":529,"column":8},"end":{"line":529,"column":62}},"123":{"start":{"line":530,"column":8},"end":{"line":530,"column":55}},"124":{"start":{"line":531,"column":8},"end":{"line":531,"column":47}},"125":{"start":{"line":533,"column":8},"end":{"line":533,"column":36}},"126":{"start":{"line":534,"column":8},"end":{"line":534,"column":40}},"127":{"start":{"line":535,"column":8},"end":{"line":535,"column":72}},"128":{"start":{"line":537,"column":8},"end":{"line":537,"column":106}},"129":{"start":{"line":539,"column":8},"end":{"line":539,"column":56}},"130":{"start":{"line":541,"column":8},"end":{"line":541,"column":28}},"131":{"start":{"line":550,"column":8},"end":{"line":550,"column":20}},"132":{"start":{"line":557,"column":8},"end":{"line":557,"column":60}},"133":{"start":{"line":558,"column":8},"end":{"line":558,"column":56}},"134":{"start":{"line":560,"column":8},"end":{"line":560,"column":21}},"135":{"start":{"line":570,"column":8},"end":{"line":570,"column":53}},"136":{"start":{"line":571,"column":8},"end":{"line":571,"column":20}},"137":{"start":{"line":572,"column":8},"end":{"line":572,"column":21}},"138":{"start":{"line":585,"column":8},"end":{"line":585,"column":23206}},"139":{"start":{"line":589,"column":8},"end":{"line":589,"column":23415}},"140":{"start":{"line":590,"column":12},"end":{"line":590,"column":23531}},"141":{"start":{"line":595,"column":12},"end":{"line":595,"column":23821}},"142":{"start":{"line":597,"column":12},"end":{"line":597,"column":23924}},"143":{"start":{"line":599,"column":12},"end":{"line":599,"column":24055}},"144":{"start":{"line":610,"column":8},"end":{"line":610,"column":71}},"145":{"start":{"line":611,"column":8},"end":{"line":611,"column":53}},"146":{"start":{"line":612,"column":8},"end":{"line":612,"column":73}},"147":{"start":{"line":614,"column":8},"end":{"line":614,"column":33}},"148":{"start":{"line":615,"column":8},"end":{"line":615,"column":37}},"149":{"start":{"line":624,"column":8},"end":{"line":624,"column":53}},"150":{"start":{"line":625,"column":8},"end":{"line":625,"column":73}},"151":{"start":{"line":626,"column":8},"end":{"line":626,"column":37}},"152":{"start":{"line":627,"column":8},"end":{"line":627,"column":25282}},"153":{"start":{"line":628,"column":12},"end":{"line":628,"column":80}},"154":{"start":{"line":629,"column":12},"end":{"line":629,"column":41}},"155":{"start":{"line":630,"column":12},"end":{"line":630,"column":50}},"156":{"start":{"line":639,"column":8},"end":{"line":639,"column":53}},"157":{"start":{"line":640,"column":8},"end":{"line":640,"column":73}},"158":{"start":{"line":642,"column":8},"end":{"line":642,"column":33}},"159":{"start":{"line":653,"column":8},"end":{"line":653,"column":26225}},"160":{"start":{"line":657,"column":8},"end":{"line":657,"column":42}},"161":{"start":{"line":659,"column":8},"end":{"line":659,"column":26603}},"162":{"start":{"line":668,"column":8},"end":{"line":668,"column":26914}},"163":{"start":{"line":672,"column":8},"end":{"line":672,"column":27}},"164":{"start":{"line":673,"column":8},"end":{"line":673,"column":39}},"165":{"start":{"line":682,"column":8},"end":{"line":682,"column":61}},"166":{"start":{"line":683,"column":8},"end":{"line":683,"column":43}},"167":{"start":{"line":684,"column":8},"end":{"line":684,"column":87}},"168":{"start":{"line":686,"column":8},"end":{"line":686,"column":27612}},"169":{"start":{"line":687,"column":12},"end":{"line":687,"column":20}},"170":{"start":{"line":691,"column":8},"end":{"line":691,"column":79}},"171":{"start":{"line":692,"column":8},"end":{"line":692,"column":27823}},"172":{"start":{"line":693,"column":12},"end":{"line":693,"column":20}},"173":{"start":{"line":696,"column":8},"end":{"line":696,"column":75}},"174":{"start":{"line":698,"column":8},"end":{"line":698,"column":28034}},"175":{"start":{"line":699,"column":12},"end":{"line":699,"column":74}},"176":{"start":{"line":701,"column":12},"end":{"line":701,"column":28249}},"177":{"start":{"line":703,"column":12},"end":{"line":703,"column":58}},"178":{"start":{"line":716,"column":8},"end":{"line":716,"column":61}},"179":{"start":{"line":717,"column":8},"end":{"line":717,"column":43}},"180":{"start":{"line":718,"column":8},"end":{"line":718,"column":56}},"181":{"start":{"line":720,"column":8},"end":{"line":720,"column":71}},"182":{"start":{"line":728,"column":8},"end":{"line":728,"column":61}},"183":{"start":{"line":729,"column":8},"end":{"line":729,"column":43}},"184":{"start":{"line":730,"column":8},"end":{"line":730,"column":56}},"185":{"start":{"line":732,"column":8},"end":{"line":732,"column":70}},"186":{"start":{"line":744,"column":8},"end":{"line":744,"column":99}}},"branchMap":{"1":{"line":102,"type":"if","locations":[{"start":{"line":102,"column":8},"end":{"line":102,"column":8}},{"start":{"line":102,"column":8},"end":{"line":102,"column":8}}]},"2":{"line":107,"type":"if","locations":[{"start":{"line":107,"column":8},"end":{"line":107,"column":8}},{"start":{"line":107,"column":8},"end":{"line":107,"column":8}}]},"3":{"line":108,"type":"if","locations":[{"start":{"line":108,"column":8},"end":{"line":108,"column":8}},{"start":{"line":108,"column":8},"end":{"line":108,"column":8}}]},"4":{"line":144,"type":"if","locations":[{"start":{"line":144,"column":8},"end":{"line":144,"column":8}},{"start":{"line":144,"column":8},"end":{"line":144,"column":8}}]},"5":{"line":148,"type":"if","locations":[{"start":{"line":148,"column":8},"end":{"line":148,"column":8}},{"start":{"line":148,"column":8},"end":{"line":148,"column":8}}]},"6":{"line":152,"type":"if","locations":[{"start":{"line":152,"column":8},"end":{"line":152,"column":8}},{"start":{"line":152,"column":8},"end":{"line":152,"column":8}}]},"7":{"line":156,"type":"if","locations":[{"start":{"line":156,"column":8},"end":{"line":156,"column":8}},{"start":{"line":156,"column":8},"end":{"line":156,"column":8}}]},"8":{"line":160,"type":"if","locations":[{"start":{"line":160,"column":8},"end":{"line":160,"column":8}},{"start":{"line":160,"column":8},"end":{"line":160,"column":8}}]},"9":{"line":164,"type":"if","locations":[{"start":{"line":164,"column":8},"end":{"line":164,"column":8}},{"start":{"line":164,"column":8},"end":{"line":164,"column":8}}]},"10":{"line":204,"type":"if","locations":[{"start":{"line":204,"column":8},"end":{"line":204,"column":8}},{"start":{"line":204,"column":8},"end":{"line":204,"column":8}}]},"11":{"line":207,"type":"if","locations":[{"start":{"line":207,"column":8},"end":{"line":207,"column":8}},{"start":{"line":207,"column":8},"end":{"line":207,"column":8}}]},"12":{"line":232,"type":"if","locations":[{"start":{"line":232,"column":8},"end":{"line":232,"column":8}},{"start":{"line":232,"column":8},"end":{"line":232,"column":8}}]},"13":{"line":236,"type":"if","locations":[{"start":{"line":236,"column":8},"end":{"line":236,"column":8}},{"start":{"line":236,"column":8},"end":{"line":236,"column":8}}]},"14":{"line":240,"type":"if","locations":[{"start":{"line":240,"column":8},"end":{"line":240,"column":8}},{"start":{"line":240,"column":8},"end":{"line":240,"column":8}}]},"15":{"line":267,"type":"if","locations":[{"start":{"line":267,"column":8},"end":{"line":267,"column":8}},{"start":{"line":267,"column":8},"end":{"line":267,"column":8}}]},"16":{"line":268,"type":"if","locations":[{"start":{"line":268,"column":8},"end":{"line":268,"column":8}},{"start":{"line":268,"column":8},"end":{"line":268,"column":8}}]},"17":{"line":269,"type":"if","locations":[{"start":{"line":269,"column":8},"end":{"line":269,"column":8}},{"start":{"line":269,"column":8},"end":{"line":269,"column":8}}]},"18":{"line":284,"type":"if","locations":[{"start":{"line":284,"column":8},"end":{"line":284,"column":8}},{"start":{"line":284,"column":8},"end":{"line":284,"column":8}}]},"19":{"line":309,"type":"if","locations":[{"start":{"line":309,"column":8},"end":{"line":309,"column":8}},{"start":{"line":309,"column":8},"end":{"line":309,"column":8}}]},"20":{"line":310,"type":"if","locations":[{"start":{"line":310,"column":8},"end":{"line":310,"column":8}},{"start":{"line":310,"column":8},"end":{"line":310,"column":8}}]},"21":{"line":311,"type":"if","locations":[{"start":{"line":311,"column":8},"end":{"line":311,"column":8}},{"start":{"line":311,"column":8},"end":{"line":311,"column":8}}]},"22":{"line":314,"type":"if","locations":[{"start":{"line":314,"column":8},"end":{"line":314,"column":8}},{"start":{"line":314,"column":8},"end":{"line":314,"column":8}}]},"23":{"line":319,"type":"if","locations":[{"start":{"line":319,"column":8},"end":{"line":319,"column":8}},{"start":{"line":319,"column":8},"end":{"line":319,"column":8}}]},"24":{"line":323,"type":"if","locations":[{"start":{"line":323,"column":8},"end":{"line":323,"column":8}},{"start":{"line":323,"column":8},"end":{"line":323,"column":8}}]},"25":{"line":355,"type":"if","locations":[{"start":{"line":355,"column":8},"end":{"line":355,"column":8}},{"start":{"line":355,"column":8},"end":{"line":355,"column":8}}]},"26":{"line":356,"type":"if","locations":[{"start":{"line":356,"column":8},"end":{"line":356,"column":8}},{"start":{"line":356,"column":8},"end":{"line":356,"column":8}}]},"27":{"line":383,"type":"if","locations":[{"start":{"line":383,"column":8},"end":{"line":383,"column":8}},{"start":{"line":383,"column":8},"end":{"line":383,"column":8}}]},"28":{"line":389,"type":"if","locations":[{"start":{"line":389,"column":8},"end":{"line":389,"column":8}},{"start":{"line":389,"column":8},"end":{"line":389,"column":8}}]},"29":{"line":391,"type":"if","locations":[{"start":{"line":391,"column":8},"end":{"line":391,"column":8}},{"start":{"line":391,"column":8},"end":{"line":391,"column":8}}]},"30":{"line":394,"type":"if","locations":[{"start":{"line":394,"column":8},"end":{"line":394,"column":8}},{"start":{"line":394,"column":8},"end":{"line":394,"column":8}}]},"31":{"line":397,"type":"if","locations":[{"start":{"line":397,"column":8},"end":{"line":397,"column":8}},{"start":{"line":397,"column":8},"end":{"line":397,"column":8}}]},"32":{"line":402,"type":"if","locations":[{"start":{"line":402,"column":8},"end":{"line":402,"column":8}},{"start":{"line":402,"column":8},"end":{"line":402,"column":8}}]},"33":{"line":403,"type":"if","locations":[{"start":{"line":403,"column":12},"end":{"line":403,"column":12}},{"start":{"line":403,"column":12},"end":{"line":403,"column":12}}]},"34":{"line":420,"type":"if","locations":[{"start":{"line":420,"column":8},"end":{"line":420,"column":8}},{"start":{"line":420,"column":8},"end":{"line":420,"column":8}}]},"35":{"line":430,"type":"if","locations":[{"start":{"line":430,"column":8},"end":{"line":430,"column":8}},{"start":{"line":430,"column":8},"end":{"line":430,"column":8}}]},"36":{"line":432,"type":"if","locations":[{"start":{"line":432,"column":14},"end":{"line":432,"column":14}},{"start":{"line":432,"column":14},"end":{"line":432,"column":14}}]},"37":{"line":438,"type":"if","locations":[{"start":{"line":438,"column":8},"end":{"line":438,"column":8}},{"start":{"line":438,"column":8},"end":{"line":438,"column":8}}]},"38":{"line":442,"type":"if","locations":[{"start":{"line":442,"column":8},"end":{"line":442,"column":8}},{"start":{"line":442,"column":8},"end":{"line":442,"column":8}}]},"39":{"line":450,"type":"if","locations":[{"start":{"line":450,"column":8},"end":{"line":450,"column":8}},{"start":{"line":450,"column":8},"end":{"line":450,"column":8}}]},"40":{"line":457,"type":"if","locations":[{"start":{"line":457,"column":8},"end":{"line":457,"column":8}},{"start":{"line":457,"column":8},"end":{"line":457,"column":8}}]},"41":{"line":477,"type":"if","locations":[{"start":{"line":477,"column":8},"end":{"line":477,"column":8}},{"start":{"line":477,"column":8},"end":{"line":477,"column":8}}]},"42":{"line":481,"type":"if","locations":[{"start":{"line":481,"column":8},"end":{"line":481,"column":8}},{"start":{"line":481,"column":8},"end":{"line":481,"column":8}}]},"43":{"line":485,"type":"if","locations":[{"start":{"line":485,"column":8},"end":{"line":485,"column":8}},{"start":{"line":485,"column":8},"end":{"line":485,"column":8}}]},"44":{"line":492,"type":"if","locations":[{"start":{"line":492,"column":8},"end":{"line":492,"column":8}},{"start":{"line":492,"column":8},"end":{"line":492,"column":8}}]},"45":{"line":493,"type":"if","locations":[{"start":{"line":493,"column":8},"end":{"line":493,"column":8}},{"start":{"line":493,"column":8},"end":{"line":493,"column":8}}]},"46":{"line":505,"type":"if","locations":[{"start":{"line":505,"column":8},"end":{"line":505,"column":8}},{"start":{"line":505,"column":8},"end":{"line":505,"column":8}}]},"47":{"line":506,"type":"if","locations":[{"start":{"line":506,"column":8},"end":{"line":506,"column":8}},{"start":{"line":506,"column":8},"end":{"line":506,"column":8}}]},"48":{"line":522,"type":"if","locations":[{"start":{"line":522,"column":8},"end":{"line":522,"column":8}},{"start":{"line":522,"column":8},"end":{"line":522,"column":8}}]},"49":{"line":526,"type":"if","locations":[{"start":{"line":526,"column":8},"end":{"line":526,"column":8}},{"start":{"line":526,"column":8},"end":{"line":526,"column":8}}]},"50":{"line":529,"type":"if","locations":[{"start":{"line":529,"column":8},"end":{"line":529,"column":8}},{"start":{"line":529,"column":8},"end":{"line":529,"column":8}}]},"51":{"line":537,"type":"if","locations":[{"start":{"line":537,"column":8},"end":{"line":537,"column":8}},{"start":{"line":537,"column":8},"end":{"line":537,"column":8}}]},"52":{"line":557,"type":"if","locations":[{"start":{"line":557,"column":8},"end":{"line":557,"column":8}},{"start":{"line":557,"column":8},"end":{"line":557,"column":8}}]},"53":{"line":558,"type":"if","locations":[{"start":{"line":558,"column":8},"end":{"line":558,"column":8}},{"start":{"line":558,"column":8},"end":{"line":558,"column":8}}]},"54":{"line":570,"type":"if","locations":[{"start":{"line":570,"column":8},"end":{"line":570,"column":8}},{"start":{"line":570,"column":8},"end":{"line":570,"column":8}}]},"55":{"line":585,"type":"if","locations":[{"start":{"line":585,"column":8},"end":{"line":585,"column":8}},{"start":{"line":585,"column":8},"end":{"line":585,"column":8}}]},"56":{"line":589,"type":"if","locations":[{"start":{"line":589,"column":8},"end":{"line":589,"column":8}},{"start":{"line":589,"column":8},"end":{"line":589,"column":8}}]},"57":{"line":590,"type":"if","locations":[{"start":{"line":590,"column":12},"end":{"line":590,"column":12}},{"start":{"line":590,"column":12},"end":{"line":590,"column":12}}]},"58":{"line":599,"type":"if","locations":[{"start":{"line":599,"column":12},"end":{"line":599,"column":12}},{"start":{"line":599,"column":12},"end":{"line":599,"column":12}}]},"59":{"line":610,"type":"if","locations":[{"start":{"line":610,"column":8},"end":{"line":610,"column":8}},{"start":{"line":610,"column":8},"end":{"line":610,"column":8}}]},"60":{"line":611,"type":"if","locations":[{"start":{"line":611,"column":8},"end":{"line":611,"column":8}},{"start":{"line":611,"column":8},"end":{"line":611,"column":8}}]},"61":{"line":612,"type":"if","locations":[{"start":{"line":612,"column":8},"end":{"line":612,"column":8}},{"start":{"line":612,"column":8},"end":{"line":612,"column":8}}]},"62":{"line":624,"type":"if","locations":[{"start":{"line":624,"column":8},"end":{"line":624,"column":8}},{"start":{"line":624,"column":8},"end":{"line":624,"column":8}}]},"63":{"line":625,"type":"if","locations":[{"start":{"line":625,"column":8},"end":{"line":625,"column":8}},{"start":{"line":625,"column":8},"end":{"line":625,"column":8}}]},"64":{"line":628,"type":"if","locations":[{"start":{"line":628,"column":12},"end":{"line":628,"column":12}},{"start":{"line":628,"column":12},"end":{"line":628,"column":12}}]},"65":{"line":639,"type":"if","locations":[{"start":{"line":639,"column":8},"end":{"line":639,"column":8}},{"start":{"line":639,"column":8},"end":{"line":639,"column":8}}]},"66":{"line":640,"type":"if","locations":[{"start":{"line":640,"column":8},"end":{"line":640,"column":8}},{"start":{"line":640,"column":8},"end":{"line":640,"column":8}}]},"67":{"line":653,"type":"if","locations":[{"start":{"line":653,"column":8},"end":{"line":653,"column":8}},{"start":{"line":653,"column":8},"end":{"line":653,"column":8}}]},"68":{"line":659,"type":"if","locations":[{"start":{"line":659,"column":8},"end":{"line":659,"column":8}},{"start":{"line":659,"column":8},"end":{"line":659,"column":8}}]},"69":{"line":668,"type":"if","locations":[{"start":{"line":668,"column":8},"end":{"line":668,"column":8}},{"start":{"line":668,"column":8},"end":{"line":668,"column":8}}]},"70":{"line":686,"type":"if","locations":[{"start":{"line":686,"column":8},"end":{"line":686,"column":8}},{"start":{"line":686,"column":8},"end":{"line":686,"column":8}}]},"71":{"line":692,"type":"if","locations":[{"start":{"line":692,"column":8},"end":{"line":692,"column":8}},{"start":{"line":692,"column":8},"end":{"line":692,"column":8}}]},"72":{"line":698,"type":"if","locations":[{"start":{"line":698,"column":8},"end":{"line":698,"column":8}},{"start":{"line":698,"column":8},"end":{"line":698,"column":8}}]}}},"contracts/seed/SeedFactory.sol":{"l":{"40":3,"44":2,"81":8,"82":8,"86":7,"93":6,"95":6,"98":6,"112":1,"114":1},"path":"/Users/konstantin.britikov/Documents/MyProjects/launch-contracts/contracts/seed/SeedFactory.sol","s":{"1":3,"2":2,"3":8,"4":7,"5":6,"6":6,"7":6,"8":1,"9":1},"b":{"1":[2,1],"2":[7,1],"3":[6,1]},"f":{"1":3,"2":8},"fnMap":{"1":{"name":"setMasterCopy","line":39,"loc":{"start":{"line":39,"column":4},"end":{"line":45,"column":4}}},"2":{"name":"deploySeed","line":80,"loc":{"start":{"line":68,"column":4},"end":{"line":115,"column":4}}}},"statementMap":{"1":{"start":{"line":40,"column":8},"end":{"line":40,"column":1325}},"2":{"start":{"line":44,"column":8},"end":{"line":44,"column":31}},"3":{"start":{"line":82,"column":12},"end":{"line":82,"column":3728}},"4":{"start":{"line":86,"column":12},"end":{"line":86,"column":3880}},"5":{"start":{"line":93,"column":8},"end":{"line":93,"column":59}},"6":{"start":{"line":95,"column":8},"end":{"line":95,"column":47}},"7":{"start":{"line":98,"column":8},"end":{"line":98,"column":4211}},"8":{"start":{"line":112,"column":8},"end":{"line":112,"column":51}},"9":{"start":{"line":114,"column":8},"end":{"line":114,"column":23}}},"branchMap":{"1":{"line":40,"type":"if","locations":[{"start":{"line":40,"column":8},"end":{"line":40,"column":8}},{"start":{"line":40,"column":8},"end":{"line":40,"column":8}}]},"2":{"line":82,"type":"if","locations":[{"start":{"line":82,"column":12},"end":{"line":82,"column":12}},{"start":{"line":82,"column":12},"end":{"line":82,"column":12}}]},"3":{"line":86,"type":"if","locations":[{"start":{"line":86,"column":12},"end":{"line":86,"column":12}},{"start":{"line":86,"column":12},"end":{"line":86,"column":12}}]}}},"contracts/test/CustomDecimalERC20Mock.sol":{"l":{"15":27,"16":27,"20":9},"path":"/Users/konstantin.britikov/Documents/MyProjects/launch-contracts/contracts/test/CustomDecimalERC20Mock.sol","s":{"1":27,"2":27,"3":9},"b":{},"f":{"1":27,"2":9},"fnMap":{"1":{"name":"constructor","line":14,"loc":{"start":{"line":10,"column":4},"end":{"line":17,"column":4}}},"2":{"name":"decimals","line":19,"loc":{"start":{"line":19,"column":4},"end":{"line":21,"column":4}}}},"statementMap":{"1":{"start":{"line":15,"column":8},"end":{"line":15,"column":53}},"2":{"start":{"line":16,"column":8},"end":{"line":16,"column":28}},"3":{"start":{"line":20,"column":8},"end":{"line":20,"column":24}}},"branchMap":{}},"contracts/utils/CloneFactory.sol":{"l":{"46":6,"47":6,"67":0,"68":0},"path":"/Users/konstantin.britikov/Documents/MyProjects/launch-contracts/contracts/utils/CloneFactory.sol","s":{"1":6,"2":0},"b":{},"f":{"1":6,"2":0},"fnMap":{"1":{"name":"createClone","line":45,"loc":{"start":{"line":45,"column":4},"end":{"line":60,"column":4}}},"2":{"name":"isClone","line":62,"loc":{"start":{"line":62,"column":4},"end":{"line":87,"column":4}}}},"statementMap":{"1":{"start":{"line":46,"column":8},"end":{"line":46,"column":45}},"2":{"start":{"line":67,"column":8},"end":{"line":67,"column":45}}},"branchMap":{}},"contracts/utils/interface/ILBP.sol":{"l":{},"path":"/Users/konstantin.britikov/Documents/MyProjects/launch-contracts/contracts/utils/interface/ILBP.sol","s":{},"b":{},"f":{},"fnMap":{},"statementMap":{},"branchMap":{}},"contracts/utils/interface/ILBPFactory.sol":{"l":{},"path":"/Users/konstantin.britikov/Documents/MyProjects/launch-contracts/contracts/utils/interface/ILBPFactory.sol","s":{},"b":{},"f":{},"fnMap":{},"statementMap":{},"branchMap":{}},"contracts/utils/interface/IVault.sol":{"l":{},"path":"/Users/konstantin.britikov/Documents/MyProjects/launch-contracts/contracts/utils/interface/IVault.sol","s":{},"b":{},"f":{},"fnMap":{},"statementMap":{},"branchMap":{}}}